2018-11-30 16:49:52,731 [INFO] [main] com.wecat.small.SmallApplication [StartupInfoLogger.java : 50] Starting SmallApplication on chenjunyan with PID 12548 (D:\work\github\cjyvuespringboot\small\target\classes started by Administrator in D:\work\github\cjyvuespringboot\small)
2018-11-30 16:49:52,734 [INFO] [main] com.wecat.small.SmallApplication [SpringApplication.java : 666] The following profiles are active: dev
2018-11-30 16:49:52,800 [INFO] [main] o.s.b.w.s.c.AnnotationConfigServletWebServerApplicationContext [AbstractApplicationContext.java : 590] Refreshing org.springframework.boot.web.servlet.context.AnnotationConfigServletWebServerApplicationContext@1e2c065: startup date [Fri Nov 30 16:49:52 CST 2018]; root of context hierarchy
2018-11-30 16:49:53,429 [INFO] [main] o.s.data.repository.config.RepositoryConfigurationDelegate [RepositoryConfigurationDelegate.java : 163] Multiple Spring Data modules found, entering strict repository configuration mode!
2018-11-30 16:49:53,921 [INFO] [main] o.s.c.s.PostProcessorRegistrationDelegate$BeanPostProcessorChecker [PostProcessorRegistrationDelegate.java : 326] Bean 'org.springframework.transaction.annotation.ProxyTransactionManagementConfiguration' of type [org.springframework.transaction.annotation.ProxyTransactionManagementConfiguration$$EnhancerBySpringCGLIB$$3813c7b8] is not eligible for getting processed by all BeanPostProcessors (for example: not eligible for auto-proxying)
2018-11-30 16:49:54,357 [INFO] [main] org.xnio [Xnio.java : 104] XNIO version 3.3.8.Final
2018-11-30 16:49:54,374 [INFO] [main] org.xnio.nio [NioXnio.java : 55] XNIO NIO Implementation Version 3.3.8.Final
2018-11-30 16:49:54,440 [WARN] [main] io.undertow.websockets.jsr [Bootstrap.java : 67] UT026009: XNIO worker was not set on WebSocketDeploymentInfo, the default worker will be used
2018-11-30 16:49:54,441 [WARN] [main] io.undertow.websockets.jsr [Bootstrap.java : 76] UT026010: Buffer pool was not set on WebSocketDeploymentInfo, the default pool will be used
2018-11-30 16:49:54,466 [INFO] [main] io.undertow.servlet [ServletContextImpl.java : 360] Initializing Spring embedded WebApplicationContext
2018-11-30 16:49:54,466 [INFO] [main] org.springframework.web.context.ContextLoader [ServletWebServerApplicationContext.java : 285] Root WebApplicationContext: initialization completed in 1682 ms
2018-11-30 16:49:54,539 [INFO] [main] org.springframework.boot.web.servlet.FilterRegistrationBean [AbstractFilterRegistrationBean.java : 245] Mapping filter: 'characterEncodingFilter' to: [/*]
2018-11-30 16:49:54,540 [INFO] [main] org.springframework.boot.web.servlet.FilterRegistrationBean [AbstractFilterRegistrationBean.java : 245] Mapping filter: 'hiddenHttpMethodFilter' to: [/*]
2018-11-30 16:49:54,540 [INFO] [main] org.springframework.boot.web.servlet.FilterRegistrationBean [AbstractFilterRegistrationBean.java : 245] Mapping filter: 'httpPutFormContentFilter' to: [/*]
2018-11-30 16:49:54,540 [INFO] [main] org.springframework.boot.web.servlet.FilterRegistrationBean [AbstractFilterRegistrationBean.java : 245] Mapping filter: 'requestContextFilter' to: [/*]
2018-11-30 16:49:54,541 [INFO] [main] o.s.boot.web.servlet.DelegatingFilterProxyRegistrationBean [AbstractFilterRegistrationBean.java : 245] Mapping filter: 'springSecurityFilterChain' to: [/*]
2018-11-30 16:49:54,541 [INFO] [main] org.springframework.boot.web.servlet.ServletRegistrationBean [ServletRegistrationBean.java : 187] Servlet dispatcherServlet mapped to [/]
2018-11-30 16:49:54,946 [INFO] [main] com.alibaba.druid.pool.DruidDataSource [DruidDataSource.java : 930] {dataSource-1} inited
2018-11-30 16:49:55,718 [INFO] [main] o.s.web.servlet.handler.SimpleUrlHandlerMapping [AbstractUrlHandlerMapping.java : 373] Mapped URL path [/**/favicon.ico] onto handler of type [class org.springframework.web.servlet.resource.ResourceHttpRequestHandler]
2018-11-30 16:49:55,931 [INFO] [main] o.s.w.s.mvc.method.annotation.RequestMappingHandlerAdapter [RequestMappingHandlerAdapter.java : 574] Looking for @ControllerAdvice: org.springframework.boot.web.servlet.context.AnnotationConfigServletWebServerApplicationContext@1e2c065: startup date [Fri Nov 30 16:49:52 CST 2018]; root of context hierarchy
2018-11-30 16:49:55,995 [INFO] [main] o.s.w.s.mvc.method.annotation.RequestMappingHandlerMapping [AbstractHandlerMethodMapping.java : 547] Mapped "{[/config/sysmenu]}" onto public java.util.List<com.wecat.small.entity.MenuEntity> com.wecat.small.Controller.ConfigController.sysmenu()
2018-11-30 16:49:55,997 [INFO] [main] o.s.w.s.mvc.method.annotation.RequestMappingHandlerMapping [AbstractHandlerMethodMapping.java : 547] Mapped "{[/employee/basic/add],methods=[POST]}" onto public com.wecat.small.common.BaseRespMsg com.wecat.small.Controller.emp.EmpBasicController.add(com.wecat.small.entity.EmployeeEntity)
2018-11-30 16:49:55,998 [INFO] [main] o.s.w.s.mvc.method.annotation.RequestMappingHandlerMapping [AbstractHandlerMethodMapping.java : 547] Mapped "{[/employee/basic/emp]}" onto public java.util.Map<java.lang.String, java.lang.Object> com.wecat.small.Controller.emp.EmpBasicController.emp(com.wecat.small.entity.PageInfoSmall<com.wecat.small.entity.EmployeeEntity>)
2018-11-30 16:49:55,998 [INFO] [main] o.s.w.s.mvc.method.annotation.RequestMappingHandlerMapping [AbstractHandlerMethodMapping.java : 547] Mapped "{[/employee/basic/basicdata]}" onto public java.util.Map<java.lang.String, java.lang.Object> com.wecat.small.Controller.emp.EmpBasicController.basicdata()
2018-11-30 16:49:55,999 [INFO] [main] o.s.w.s.mvc.method.annotation.RequestMappingHandlerMapping [AbstractHandlerMethodMapping.java : 547] Mapped "{[/employee/basic/maxWorkID]}" onto public java.lang.String com.wecat.small.Controller.emp.EmpBasicController.maxWorkID()
2018-11-30 16:49:55,999 [INFO] [main] o.s.w.s.mvc.method.annotation.RequestMappingHandlerMapping [AbstractHandlerMethodMapping.java : 547] Mapped "{[/hello/one]}" onto public java.lang.String com.wecat.small.Controller.HelloController.hello()
2018-11-30 16:49:56,001 [INFO] [main] o.s.w.s.mvc.method.annotation.RequestMappingHandlerMapping [AbstractHandlerMethodMapping.java : 547] Mapped "{[/Msgcontent/update],methods=[POST]}" onto public com.wecat.small.common.BaseRespMsg com.wecat.small.Controller.MsgcontentController.update(com.wecat.small.entity.Msgcontent)
2018-11-30 16:49:56,001 [INFO] [main] o.s.w.s.mvc.method.annotation.RequestMappingHandlerMapping [AbstractHandlerMethodMapping.java : 547] Mapped "{[/Msgcontent/find]}" onto public com.wecat.small.common.BaseRespData com.wecat.small.Controller.MsgcontentController.find(java.lang.Long)
2018-11-30 16:49:56,002 [INFO] [main] o.s.w.s.mvc.method.annotation.RequestMappingHandlerMapping [AbstractHandlerMethodMapping.java : 547] Mapped "{[/Msgcontent/list]}" onto public com.wecat.small.common.BaseRespData com.wecat.small.Controller.MsgcontentController.list(com.wecat.small.common.PageInfoReqVo<com.wecat.small.entity.Msgcontent>)
2018-11-30 16:49:56,002 [INFO] [main] o.s.w.s.mvc.method.annotation.RequestMappingHandlerMapping [AbstractHandlerMethodMapping.java : 547] Mapped "{[/Msgcontent/all]}" onto public com.wecat.small.common.BaseRespData com.wecat.small.Controller.MsgcontentController.findAll()
2018-11-30 16:49:56,002 [INFO] [main] o.s.w.s.mvc.method.annotation.RequestMappingHandlerMapping [AbstractHandlerMethodMapping.java : 547] Mapped "{[/Msgcontent/add],methods=[POST]}" onto public com.wecat.small.common.BaseRespMsg com.wecat.small.Controller.MsgcontentController.addItem(com.wecat.small.entity.Msgcontent)
2018-11-30 16:49:56,002 [INFO] [main] o.s.w.s.mvc.method.annotation.RequestMappingHandlerMapping [AbstractHandlerMethodMapping.java : 547] Mapped "{[/Msgcontent/dels]}" onto public com.wecat.small.common.BaseRespMsg com.wecat.small.Controller.MsgcontentController.deleteItems(java.util.List<java.lang.Long>)
2018-11-30 16:49:56,003 [INFO] [main] o.s.w.s.mvc.method.annotation.RequestMappingHandlerMapping [AbstractHandlerMethodMapping.java : 547] Mapped "{[/Msgcontent/del]}" onto public com.wecat.small.common.BaseRespMsg com.wecat.small.Controller.MsgcontentController.deleteItems(java.lang.Long)
2018-11-30 16:49:56,003 [INFO] [main] o.s.w.s.mvc.method.annotation.RequestMappingHandlerMapping [AbstractHandlerMethodMapping.java : 547] Mapped "{[/employee/basic/exportEmp]}" onto public org.springframework.http.ResponseEntity<byte[]> com.wecat.small.Controller.PoiController.exportEmp()
2018-11-30 16:49:56,004 [INFO] [main] o.s.w.s.mvc.method.annotation.RequestMappingHandlerMapping [AbstractHandlerMethodMapping.java : 547] Mapped "{[/employee/basic/importEmp],methods=[POST]}" onto public com.wecat.small.common.BaseRespMsg com.wecat.small.Controller.PoiController.importEmp(org.springframework.web.multipart.MultipartFile)
2018-11-30 16:49:56,011 [INFO] [main] o.s.w.s.mvc.method.annotation.RequestMappingHandlerMapping [AbstractHandlerMethodMapping.java : 547] Mapped "{[/Sysmsg/update],methods=[POST]}" onto public com.wecat.small.common.BaseRespMsg com.wecat.small.Controller.SysmsgController.update(com.wecat.small.entity.Sysmsg)
2018-11-30 16:49:56,012 [INFO] [main] o.s.w.s.mvc.method.annotation.RequestMappingHandlerMapping [AbstractHandlerMethodMapping.java : 547] Mapped "{[/Sysmsg/find]}" onto public com.wecat.small.common.BaseRespData com.wecat.small.Controller.SysmsgController.find(java.lang.Long)
2018-11-30 16:49:56,012 [INFO] [main] o.s.w.s.mvc.method.annotation.RequestMappingHandlerMapping [AbstractHandlerMethodMapping.java : 547] Mapped "{[/Sysmsg/list]}" onto public com.wecat.small.common.BaseRespData com.wecat.small.Controller.SysmsgController.list(com.wecat.small.common.PageInfoReqVo<com.wecat.small.entity.Sysmsg>)
2018-11-30 16:49:56,013 [INFO] [main] o.s.w.s.mvc.method.annotation.RequestMappingHandlerMapping [AbstractHandlerMethodMapping.java : 547] Mapped "{[/Sysmsg/all]}" onto public com.wecat.small.common.BaseRespData com.wecat.small.Controller.SysmsgController.findAll()
2018-11-30 16:49:56,013 [INFO] [main] o.s.w.s.mvc.method.annotation.RequestMappingHandlerMapping [AbstractHandlerMethodMapping.java : 547] Mapped "{[/Sysmsg/add],methods=[POST]}" onto public com.wecat.small.common.BaseRespMsg com.wecat.small.Controller.SysmsgController.addItem(com.wecat.small.entity.Sysmsg)
2018-11-30 16:49:56,013 [INFO] [main] o.s.w.s.mvc.method.annotation.RequestMappingHandlerMapping [AbstractHandlerMethodMapping.java : 547] Mapped "{[/Sysmsg/dels]}" onto public com.wecat.small.common.BaseRespMsg com.wecat.small.Controller.SysmsgController.deleteItems(java.util.List<java.lang.Long>)
2018-11-30 16:49:56,013 [INFO] [main] o.s.w.s.mvc.method.annotation.RequestMappingHandlerMapping [AbstractHandlerMethodMapping.java : 547] Mapped "{[/Sysmsg/del]}" onto public com.wecat.small.common.BaseRespMsg com.wecat.small.Controller.SysmsgController.deleteItems(java.lang.Long)
2018-11-30 16:49:56,014 [INFO] [main] o.s.w.s.mvc.method.annotation.RequestMappingHandlerMapping [AbstractHandlerMethodMapping.java : 547] Mapped "{[/system/basic/dep]}" onto public com.wecat.small.common.BaseRespMsg com.wecat.small.Controller.system.SystemBasicController.addDep(com.wecat.small.entity.Department)
2018-11-30 16:49:56,015 [INFO] [main] o.s.w.s.mvc.method.annotation.RequestMappingHandlerMapping [AbstractHandlerMethodMapping.java : 547] Mapped "{[/system/basic/dep/{pid}],methods=[GET]}" onto public java.util.List<com.wecat.small.entity.Department> com.wecat.small.Controller.system.SystemBasicController.getDepByPid(java.lang.Long)
2018-11-30 16:49:56,015 [INFO] [main] o.s.w.s.mvc.method.annotation.RequestMappingHandlerMapping [AbstractHandlerMethodMapping.java : 547] Mapped "{[/system/basic/dep/{did}]}" onto public com.wecat.small.common.BaseRespMsg com.wecat.small.Controller.system.SystemBasicController.deleteDep(java.lang.Integer)
2018-11-30 16:49:56,015 [INFO] [main] o.s.w.s.mvc.method.annotation.RequestMappingHandlerMapping [AbstractHandlerMethodMapping.java : 547] Mapped "{[/system/basic/positions]}" onto public java.util.List<com.wecat.small.entity.PositionEntity> com.wecat.small.Controller.system.SystemBasicController.positions()
2018-11-30 16:49:56,016 [INFO] [main] o.s.w.s.mvc.method.annotation.RequestMappingHandlerMapping [AbstractHandlerMethodMapping.java : 547] Mapped "{[/system/basic/joblevels]}" onto public java.util.List<com.wecat.small.entity.JoblevelEntity> com.wecat.small.Controller.system.SystemBasicController.joblevels()
2018-11-30 16:49:56,018 [INFO] [main] o.s.w.s.mvc.method.annotation.RequestMappingHandlerMapping [AbstractHandlerMethodMapping.java : 547] Mapped "{[/error]}" onto public org.springframework.http.ResponseEntity<java.util.Map<java.lang.String, java.lang.Object>> org.springframework.boot.autoconfigure.web.servlet.error.BasicErrorController.error(javax.servlet.http.HttpServletRequest)
2018-11-30 16:49:56,019 [INFO] [main] o.s.w.s.mvc.method.annotation.RequestMappingHandlerMapping [AbstractHandlerMethodMapping.java : 547] Mapped "{[/error],produces=[text/html]}" onto public org.springframework.web.servlet.ModelAndView org.springframework.boot.autoconfigure.web.servlet.error.BasicErrorController.errorHtml(javax.servlet.http.HttpServletRequest,javax.servlet.http.HttpServletResponse)
2018-11-30 16:49:56,055 [INFO] [main] o.s.web.servlet.handler.SimpleUrlHandlerMapping [AbstractUrlHandlerMapping.java : 373] Mapped URL path [/webjars/**] onto handler of type [class org.springframework.web.servlet.resource.ResourceHttpRequestHandler]
2018-11-30 16:49:56,055 [INFO] [main] o.s.web.servlet.handler.SimpleUrlHandlerMapping [AbstractUrlHandlerMapping.java : 373] Mapped URL path [/**] onto handler of type [class org.springframework.web.servlet.resource.ResourceHttpRequestHandler]
2018-11-30 16:49:56,590 [INFO] [main] o.s.web.servlet.view.freemarker.FreeMarkerConfigurer [FreeMarkerConfigurer.java : 131] ClassTemplateLoader for Spring macros added to FreeMarker configuration
2018-11-30 16:49:56,833 [INFO] [main] org.springframework.security.web.DefaultSecurityFilterChain [DefaultSecurityFilterChain.java : 43] Creating filter chain: Ant [pattern='/index.html'], []
2018-11-30 16:49:56,833 [INFO] [main] org.springframework.security.web.DefaultSecurityFilterChain [DefaultSecurityFilterChain.java : 43] Creating filter chain: Ant [pattern='/static/**'], []
2018-11-30 16:49:56,916 [INFO] [main] org.springframework.security.web.DefaultSecurityFilterChain [DefaultSecurityFilterChain.java : 43] Creating filter chain: org.springframework.security.web.util.matcher.AnyRequestMatcher@1, [org.springframework.security.web.context.request.async.WebAsyncManagerIntegrationFilter@15f4d4, org.springframework.security.web.context.SecurityContextPersistenceFilter@4389ed, org.springframework.security.web.header.HeaderWriterFilter@13da911, org.springframework.security.web.authentication.logout.LogoutFilter@16185fe, org.springframework.security.web.authentication.UsernamePasswordAuthenticationFilter@1476a4e, org.springframework.security.web.savedrequest.RequestCacheAwareFilter@113c84c, org.springframework.security.web.servletapi.SecurityContextHolderAwareRequestFilter@1066363, org.springframework.security.web.authentication.AnonymousAuthenticationFilter@58be5, org.springframework.security.web.session.SessionManagementFilter@84ac45, org.springframework.security.web.access.ExceptionTranslationFilter@84240f, org.springframework.security.web.access.intercept.FilterSecurityInterceptor@1c2a9e3]
2018-11-30 16:49:57,030 [INFO] [main] o.s.jmx.export.annotation.AnnotationMBeanExporter [MBeanExporter.java : 433] Registering beans for JMX exposure on startup
2018-11-30 16:49:57,032 [INFO] [main] o.s.jmx.export.annotation.AnnotationMBeanExporter [MBeanExporter.java : 895] Bean with name 'dataSource' has been autodetected for JMX exposure
2018-11-30 16:49:57,038 [INFO] [main] o.s.jmx.export.annotation.AnnotationMBeanExporter [MBeanExporter.java : 668] Located MBean 'dataSource': registering with JMX server as MBean [com.alibaba.druid.pool:name=dataSource,type=DruidDataSource]
2018-11-30 16:49:57,083 [INFO] [main] o.s.boot.web.embedded.undertow.UndertowServletWebServer [UndertowServletWebServer.java : 148] Undertow started on port(s) 8082 (http) with context path ''
2018-11-30 16:49:57,086 [INFO] [main] com.wecat.small.SmallApplication [StartupInfoLogger.java : 59] Started SmallApplication in 4.769 seconds (JVM running for 5.188)
2018-11-30 16:50:08,647 [INFO] [XNIO-2 task-1] io.undertow.servlet [ServletContextImpl.java : 360] Initializing Spring FrameworkServlet 'dispatcherServlet'
2018-11-30 16:50:08,648 [INFO] [XNIO-2 task-1] org.springframework.web.servlet.DispatcherServlet [FrameworkServlet.java : 494] FrameworkServlet 'dispatcherServlet': initialization started
2018-11-30 16:50:08,753 [INFO] [XNIO-2 task-1] org.springframework.web.servlet.DispatcherServlet [FrameworkServlet.java : 509] FrameworkServlet 'dispatcherServlet': initialization completed in 105 ms
2018-11-30 16:50:08,806 [DEBUG] [XNIO-2 task-2] com.wecat.small.mapper.MenuEntityMapper.getAllMenu [BaseJdbcLogger.java : 159] ==>  Preparing: select m.*,r.`id` as rid,r.`name` as rname,r.`nameZh` as rnamezh from menu m left join menu_role mr on m.`id`=mr.`mid` left join role r on mr.`rid`=r.`id` WHERE m.`enabled`=true order by m.`id` desc 
2018-11-30 16:50:08,830 [DEBUG] [XNIO-2 task-2] com.wecat.small.mapper.MenuEntityMapper.getAllMenu [BaseJdbcLogger.java : 159] ==> Parameters: 
2018-11-30 16:50:08,870 [DEBUG] [XNIO-2 task-2] com.wecat.small.mapper.MenuEntityMapper.getAllMenu [BaseJdbcLogger.java : 159] <==      Total: 53
2018-11-30 16:50:09,410 [DEBUG] [XNIO-2 task-3] com.wecat.small.mapper.HrMapper.loadUserByUsername [BaseJdbcLogger.java : 159] ==>  Preparing: select * from hr WHERE username=?; 
2018-11-30 16:50:09,411 [DEBUG] [XNIO-2 task-3] com.wecat.small.mapper.HrMapper.loadUserByUsername [BaseJdbcLogger.java : 159] ==> Parameters: admin(String)
2018-11-30 16:50:09,414 [DEBUG] [XNIO-2 task-3] com.wecat.small.mapper.HrMapper.getRolesByHrId [BaseJdbcLogger.java : 159] ====>  Preparing: SELECT r.* FROM hr_role h,role r where h.rid=r.id AND h.hrid=? 
2018-11-30 16:50:09,414 [DEBUG] [XNIO-2 task-3] com.wecat.small.mapper.HrMapper.getRolesByHrId [BaseJdbcLogger.java : 159] ====> Parameters: 3(Long)
2018-11-30 16:50:09,416 [DEBUG] [XNIO-2 task-3] com.wecat.small.mapper.HrMapper.getRolesByHrId [BaseJdbcLogger.java : 159] <====      Total: 1
2018-11-30 16:50:09,417 [DEBUG] [XNIO-2 task-3] com.wecat.small.mapper.HrMapper.loadUserByUsername [BaseJdbcLogger.java : 159] <==      Total: 1
2018-11-30 16:50:09,901 [DEBUG] [XNIO-2 task-5] com.wecat.small.mapper.MenuEntityMapper.getAllMenu [BaseJdbcLogger.java : 159] ==>  Preparing: select m.*,r.`id` as rid,r.`name` as rname,r.`nameZh` as rnamezh from menu m left join menu_role mr on m.`id`=mr.`mid` left join role r on mr.`rid`=r.`id` WHERE m.`enabled`=true order by m.`id` desc 
2018-11-30 16:50:09,902 [DEBUG] [XNIO-2 task-5] com.wecat.small.mapper.MenuEntityMapper.getAllMenu [BaseJdbcLogger.java : 159] ==> Parameters: 
2018-11-30 16:50:09,911 [DEBUG] [XNIO-2 task-4] com.wecat.small.mapper.MenuEntityMapper.getAllMenu [BaseJdbcLogger.java : 159] ==>  Preparing: select m.*,r.`id` as rid,r.`name` as rname,r.`nameZh` as rnamezh from menu m left join menu_role mr on m.`id`=mr.`mid` left join role r on mr.`rid`=r.`id` WHERE m.`enabled`=true order by m.`id` desc 
2018-11-30 16:50:09,912 [DEBUG] [XNIO-2 task-4] com.wecat.small.mapper.MenuEntityMapper.getAllMenu [BaseJdbcLogger.java : 159] ==> Parameters: 
2018-11-30 16:50:09,926 [DEBUG] [XNIO-2 task-5] com.wecat.small.mapper.MenuEntityMapper.getAllMenu [BaseJdbcLogger.java : 159] <==      Total: 53
2018-11-30 16:50:09,930 [DEBUG] [XNIO-2 task-4] com.wecat.small.mapper.MenuEntityMapper.getAllMenu [BaseJdbcLogger.java : 159] <==      Total: 53
2018-11-30 16:50:09,944 [DEBUG] [XNIO-2 task-4] com.wecat.small.mapper.MenuEntityMapper.getMenusByHrId [BaseJdbcLogger.java : 159] ==>  Preparing: select m1.`id`,m1.`path`,m1.`component`,m1.`iconCls`,m1.`name`,m1.`requireAuth`,m2.`component` as component2,m2.`iconCls` as iconCls2,m2.`keepAlive` as keepAlive2,m2.`name` as name2,m2.`path` as path2,m2.`requireAuth` as requireAuth2 from menu m1,menu m2 where m1.`id`=m2.`parentId` and m1.`id`!=1 and m2.`id` in(select mr.`mid` from hr_role h_r,menu_role mr where h_r.`rid`=mr.`rid` and h_r.`hrid`=?) and m2.`enabled`=true order by m1.`id`,m2.`id` 
2018-11-30 16:50:09,944 [DEBUG] [XNIO-2 task-4] com.wecat.small.mapper.MenuEntityMapper.getMenusByHrId [BaseJdbcLogger.java : 159] ==> Parameters: 3(Long)
2018-11-30 16:50:09,958 [DEBUG] [XNIO-2 task-4] com.wecat.small.mapper.MenuEntityMapper.getMenusByHrId [BaseJdbcLogger.java : 159] <==      Total: 20
2018-11-30 16:50:10,147 [DEBUG] [XNIO-2 task-6] com.wecat.small.mapper.MenuEntityMapper.getAllMenu [BaseJdbcLogger.java : 159] ==>  Preparing: select m.*,r.`id` as rid,r.`name` as rname,r.`nameZh` as rnamezh from menu m left join menu_role mr on m.`id`=mr.`mid` left join role r on mr.`rid`=r.`id` WHERE m.`enabled`=true order by m.`id` desc 
2018-11-30 16:50:10,148 [DEBUG] [XNIO-2 task-6] com.wecat.small.mapper.MenuEntityMapper.getAllMenu [BaseJdbcLogger.java : 159] ==> Parameters: 
2018-11-30 16:50:10,158 [DEBUG] [XNIO-2 task-6] com.wecat.small.mapper.MenuEntityMapper.getAllMenu [BaseJdbcLogger.java : 159] <==      Total: 53
