2018/11/30-14:15 [main] ERROR org.springframework.boot.context.logging.LoggingApplicationListener- Cannot set level: WARN  for 'com.wecat.small.mapper'
2018/11/30-14:15 [main] INFO  com.wecat.small.SmallApplication- Starting SmallApplication on chenjunyan with PID 9080 (D:\work\github\cjyvuespringboot\small\target\classes started by Administrator in D:\work\github\cjyvuespringboot\small)
2018/11/30-14:15 [main] INFO  com.wecat.small.SmallApplication- No active profile set, falling back to default profiles: default
2018/11/30-14:15 [main] INFO  org.springframework.boot.web.servlet.context.AnnotationConfigServletWebServerApplicationContext- Refreshing org.springframework.boot.web.servlet.context.AnnotationConfigServletWebServerApplicationContext@56f20: startup date [Fri Nov 30 14:15:36 CST 2018]; root of context hierarchy
2018/11/30-14:15 [main] INFO  org.springframework.data.repository.config.RepositoryConfigurationDelegate- Multiple Spring Data modules found, entering strict repository configuration mode!
2018/11/30-14:15 [main] INFO  org.springframework.context.support.PostProcessorRegistrationDelegate$BeanPostProcessorChecker- Bean 'org.springframework.transaction.annotation.ProxyTransactionManagementConfiguration' of type [org.springframework.transaction.annotation.ProxyTransactionManagementConfiguration$$EnhancerBySpringCGLIB$$673f196a] is not eligible for getting processed by all BeanPostProcessors (for example: not eligible for auto-proxying)
2018/11/30-14:15 [main] INFO  org.xnio- XNIO version 3.3.8.Final
2018/11/30-14:15 [main] INFO  org.xnio.nio- XNIO NIO Implementation Version 3.3.8.Final
2018/11/30-14:15 [main] WARN  io.undertow.websockets.jsr- UT026009: XNIO worker was not set on WebSocketDeploymentInfo, the default worker will be used
2018/11/30-14:15 [main] WARN  io.undertow.websockets.jsr- UT026010: Buffer pool was not set on WebSocketDeploymentInfo, the default pool will be used
2018/11/30-14:15 [main] INFO  io.undertow.servlet- Initializing Spring embedded WebApplicationContext
2018/11/30-14:15 [main] INFO  org.springframework.web.context.ContextLoader- Root WebApplicationContext: initialization completed in 7597 ms
2018/11/30-14:15 [main] INFO  org.springframework.boot.web.servlet.FilterRegistrationBean- Mapping filter: 'characterEncodingFilter' to: [/*]
2018/11/30-14:15 [main] INFO  org.springframework.boot.web.servlet.FilterRegistrationBean- Mapping filter: 'hiddenHttpMethodFilter' to: [/*]
2018/11/30-14:15 [main] INFO  org.springframework.boot.web.servlet.FilterRegistrationBean- Mapping filter: 'httpPutFormContentFilter' to: [/*]
2018/11/30-14:15 [main] INFO  org.springframework.boot.web.servlet.FilterRegistrationBean- Mapping filter: 'requestContextFilter' to: [/*]
2018/11/30-14:15 [main] INFO  org.springframework.boot.web.servlet.DelegatingFilterProxyRegistrationBean- Mapping filter: 'springSecurityFilterChain' to: [/*]
2018/11/30-14:15 [main] INFO  org.springframework.boot.web.servlet.ServletRegistrationBean- Servlet dispatcherServlet mapped to [/]
2018/11/30-14:15 [main] INFO  com.alibaba.druid.pool.DruidDataSource- {dataSource-1} inited
2018/11/30-14:15 [main] INFO  org.springframework.web.servlet.handler.SimpleUrlHandlerMapping- Mapped URL path [/**/favicon.ico] onto handler of type [class org.springframework.web.servlet.resource.ResourceHttpRequestHandler]
2018/11/30-14:15 [main] INFO  org.springframework.web.servlet.mvc.method.annotation.RequestMappingHandlerAdapter- Looking for @ControllerAdvice: org.springframework.boot.web.servlet.context.AnnotationConfigServletWebServerApplicationContext@56f20: startup date [Fri Nov 30 14:15:36 CST 2018]; root of context hierarchy
2018/11/30-14:15 [main] INFO  org.springframework.web.servlet.mvc.method.annotation.RequestMappingHandlerMapping- Mapped "{[/config/sysmenu]}" onto public java.util.List<com.wecat.small.entity.MenuEntity> com.wecat.small.Controller.ConfigController.sysmenu()
2018/11/30-14:15 [main] INFO  org.springframework.web.servlet.mvc.method.annotation.RequestMappingHandlerMapping- Mapped "{[/employee/basic/add],methods=[POST]}" onto public com.wecat.small.common.BaseRespMsg com.wecat.small.Controller.emp.EmpBasicController.add(com.wecat.small.entity.EmployeeEntity)
2018/11/30-14:15 [main] INFO  org.springframework.web.servlet.mvc.method.annotation.RequestMappingHandlerMapping- Mapped "{[/employee/basic/emp]}" onto public java.util.Map<java.lang.String, java.lang.Object> com.wecat.small.Controller.emp.EmpBasicController.emp(com.wecat.small.entity.PageInfoSmall<com.wecat.small.entity.EmployeeEntity>)
2018/11/30-14:15 [main] INFO  org.springframework.web.servlet.mvc.method.annotation.RequestMappingHandlerMapping- Mapped "{[/employee/basic/basicdata]}" onto public java.util.Map<java.lang.String, java.lang.Object> com.wecat.small.Controller.emp.EmpBasicController.basicdata()
2018/11/30-14:15 [main] INFO  org.springframework.web.servlet.mvc.method.annotation.RequestMappingHandlerMapping- Mapped "{[/employee/basic/maxWorkID]}" onto public java.lang.String com.wecat.small.Controller.emp.EmpBasicController.maxWorkID()
2018/11/30-14:15 [main] INFO  org.springframework.web.servlet.mvc.method.annotation.RequestMappingHandlerMapping- Mapped "{[/hello/one]}" onto public java.lang.String com.wecat.small.Controller.HelloController.hello()
2018/11/30-14:15 [main] INFO  org.springframework.web.servlet.mvc.method.annotation.RequestMappingHandlerMapping- Mapped "{[/Msgcontent/update],methods=[POST]}" onto public com.wecat.small.common.BaseRespMsg com.wecat.small.Controller.MsgcontentController.update(com.wecat.small.entity.Msgcontent)
2018/11/30-14:15 [main] INFO  org.springframework.web.servlet.mvc.method.annotation.RequestMappingHandlerMapping- Mapped "{[/Msgcontent/find]}" onto public com.wecat.small.common.BaseRespData com.wecat.small.Controller.MsgcontentController.find(java.lang.Long)
2018/11/30-14:15 [main] INFO  org.springframework.web.servlet.mvc.method.annotation.RequestMappingHandlerMapping- Mapped "{[/Msgcontent/list]}" onto public com.wecat.small.common.BaseRespData com.wecat.small.Controller.MsgcontentController.list(com.wecat.small.common.PageInfoReqVo<com.wecat.small.entity.Msgcontent>)
2018/11/30-14:15 [main] INFO  org.springframework.web.servlet.mvc.method.annotation.RequestMappingHandlerMapping- Mapped "{[/Msgcontent/all]}" onto public com.wecat.small.common.BaseRespData com.wecat.small.Controller.MsgcontentController.findAll()
2018/11/30-14:15 [main] INFO  org.springframework.web.servlet.mvc.method.annotation.RequestMappingHandlerMapping- Mapped "{[/Msgcontent/add],methods=[POST]}" onto public com.wecat.small.common.BaseRespMsg com.wecat.small.Controller.MsgcontentController.addItem(com.wecat.small.entity.Msgcontent)
2018/11/30-14:15 [main] INFO  org.springframework.web.servlet.mvc.method.annotation.RequestMappingHandlerMapping- Mapped "{[/Msgcontent/dels]}" onto public com.wecat.small.common.BaseRespMsg com.wecat.small.Controller.MsgcontentController.deleteItems(java.util.List<java.lang.Long>)
2018/11/30-14:15 [main] INFO  org.springframework.web.servlet.mvc.method.annotation.RequestMappingHandlerMapping- Mapped "{[/Msgcontent/del]}" onto public com.wecat.small.common.BaseRespMsg com.wecat.small.Controller.MsgcontentController.deleteItems(java.lang.Long)
2018/11/30-14:15 [main] INFO  org.springframework.web.servlet.mvc.method.annotation.RequestMappingHandlerMapping- Mapped "{[/employee/basic/exportEmp]}" onto public org.springframework.http.ResponseEntity<byte[]> com.wecat.small.Controller.PoiController.exportEmp()
2018/11/30-14:15 [main] INFO  org.springframework.web.servlet.mvc.method.annotation.RequestMappingHandlerMapping- Mapped "{[/employee/basic/importEmp],methods=[POST]}" onto public com.wecat.small.common.BaseRespMsg com.wecat.small.Controller.PoiController.importEmp(org.springframework.web.multipart.MultipartFile)
2018/11/30-14:15 [main] INFO  org.springframework.web.servlet.mvc.method.annotation.RequestMappingHandlerMapping- Mapped "{[/Sysmsg/update],methods=[POST]}" onto public com.wecat.small.common.BaseRespMsg com.wecat.small.Controller.SysmsgController.update(com.wecat.small.entity.Sysmsg)
2018/11/30-14:15 [main] INFO  org.springframework.web.servlet.mvc.method.annotation.RequestMappingHandlerMapping- Mapped "{[/Sysmsg/find]}" onto public com.wecat.small.common.BaseRespData com.wecat.small.Controller.SysmsgController.find(java.lang.Long)
2018/11/30-14:15 [main] INFO  org.springframework.web.servlet.mvc.method.annotation.RequestMappingHandlerMapping- Mapped "{[/Sysmsg/list]}" onto public com.wecat.small.common.BaseRespData com.wecat.small.Controller.SysmsgController.list(com.wecat.small.common.PageInfoReqVo<com.wecat.small.entity.Sysmsg>)
2018/11/30-14:15 [main] INFO  org.springframework.web.servlet.mvc.method.annotation.RequestMappingHandlerMapping- Mapped "{[/Sysmsg/all]}" onto public com.wecat.small.common.BaseRespData com.wecat.small.Controller.SysmsgController.findAll()
2018/11/30-14:15 [main] INFO  org.springframework.web.servlet.mvc.method.annotation.RequestMappingHandlerMapping- Mapped "{[/Sysmsg/add],methods=[POST]}" onto public com.wecat.small.common.BaseRespMsg com.wecat.small.Controller.SysmsgController.addItem(com.wecat.small.entity.Sysmsg)
2018/11/30-14:15 [main] INFO  org.springframework.web.servlet.mvc.method.annotation.RequestMappingHandlerMapping- Mapped "{[/Sysmsg/dels]}" onto public com.wecat.small.common.BaseRespMsg com.wecat.small.Controller.SysmsgController.deleteItems(java.util.List<java.lang.Long>)
2018/11/30-14:15 [main] INFO  org.springframework.web.servlet.mvc.method.annotation.RequestMappingHandlerMapping- Mapped "{[/Sysmsg/del]}" onto public com.wecat.small.common.BaseRespMsg com.wecat.small.Controller.SysmsgController.deleteItems(java.lang.Long)
2018/11/30-14:15 [main] INFO  org.springframework.web.servlet.mvc.method.annotation.RequestMappingHandlerMapping- Mapped "{[/system/basic/dep]}" onto public com.wecat.small.common.BaseRespMsg com.wecat.small.Controller.system.SystemBasicController.addDep(com.wecat.small.entity.Department)
2018/11/30-14:15 [main] INFO  org.springframework.web.servlet.mvc.method.annotation.RequestMappingHandlerMapping- Mapped "{[/system/basic/dep/{pid}],methods=[GET]}" onto public java.util.List<com.wecat.small.entity.Department> com.wecat.small.Controller.system.SystemBasicController.getDepByPid(java.lang.Long)
2018/11/30-14:15 [main] INFO  org.springframework.web.servlet.mvc.method.annotation.RequestMappingHandlerMapping- Mapped "{[/system/basic/dep/{did}]}" onto public com.wecat.small.common.BaseRespMsg com.wecat.small.Controller.system.SystemBasicController.deleteDep(java.lang.Integer)
2018/11/30-14:15 [main] INFO  org.springframework.web.servlet.mvc.method.annotation.RequestMappingHandlerMapping- Mapped "{[/system/basic/positions]}" onto public java.util.List<com.wecat.small.entity.PositionEntity> com.wecat.small.Controller.system.SystemBasicController.positions()
2018/11/30-14:15 [main] INFO  org.springframework.web.servlet.mvc.method.annotation.RequestMappingHandlerMapping- Mapped "{[/system/basic/joblevels]}" onto public java.util.List<com.wecat.small.entity.JoblevelEntity> com.wecat.small.Controller.system.SystemBasicController.joblevels()
2018/11/30-14:15 [main] INFO  org.springframework.web.servlet.mvc.method.annotation.RequestMappingHandlerMapping- Mapped "{[/error]}" onto public org.springframework.http.ResponseEntity<java.util.Map<java.lang.String, java.lang.Object>> org.springframework.boot.autoconfigure.web.servlet.error.BasicErrorController.error(javax.servlet.http.HttpServletRequest)
2018/11/30-14:15 [main] INFO  org.springframework.web.servlet.mvc.method.annotation.RequestMappingHandlerMapping- Mapped "{[/error],produces=[text/html]}" onto public org.springframework.web.servlet.ModelAndView org.springframework.boot.autoconfigure.web.servlet.error.BasicErrorController.errorHtml(javax.servlet.http.HttpServletRequest,javax.servlet.http.HttpServletResponse)
2018/11/30-14:15 [main] INFO  org.springframework.web.servlet.handler.SimpleUrlHandlerMapping- Mapped URL path [/webjars/**] onto handler of type [class org.springframework.web.servlet.resource.ResourceHttpRequestHandler]
2018/11/30-14:15 [main] INFO  org.springframework.web.servlet.handler.SimpleUrlHandlerMapping- Mapped URL path [/**] onto handler of type [class org.springframework.web.servlet.resource.ResourceHttpRequestHandler]
2018/11/30-14:15 [main] INFO  org.springframework.web.servlet.view.freemarker.FreeMarkerConfigurer- ClassTemplateLoader for Spring macros added to FreeMarker configuration
2018/11/30-14:15 [main] INFO  org.springframework.security.web.DefaultSecurityFilterChain- Creating filter chain: Ant [pattern='/index.html'], []
2018/11/30-14:15 [main] INFO  org.springframework.security.web.DefaultSecurityFilterChain- Creating filter chain: Ant [pattern='/static/**'], []
2018/11/30-14:15 [main] INFO  org.springframework.security.web.DefaultSecurityFilterChain- Creating filter chain: org.springframework.security.web.util.matcher.AnyRequestMatcher@1, [org.springframework.security.web.context.request.async.WebAsyncManagerIntegrationFilter@1bb3f86, org.springframework.security.web.context.SecurityContextPersistenceFilter@1efb731, org.springframework.security.web.header.HeaderWriterFilter@1061622, org.springframework.security.web.authentication.logout.LogoutFilter@f443a3, org.springframework.security.web.authentication.UsernamePasswordAuthenticationFilter@b8aaf1, org.springframework.security.web.savedrequest.RequestCacheAwareFilter@1e6d1e0, org.springframework.security.web.servletapi.SecurityContextHolderAwareRequestFilter@17874b4, org.springframework.security.web.authentication.AnonymousAuthenticationFilter@1946384, org.springframework.security.web.session.SessionManagementFilter@ea0269, org.springframework.security.web.access.ExceptionTranslationFilter@af7902, org.springframework.security.web.access.intercept.FilterSecurityInterceptor@829e50]
2018/11/30-14:15 [main] INFO  org.springframework.jmx.export.annotation.AnnotationMBeanExporter- Registering beans for JMX exposure on startup
2018/11/30-14:15 [main] INFO  org.springframework.jmx.export.annotation.AnnotationMBeanExporter- Bean with name 'dataSource' has been autodetected for JMX exposure
2018/11/30-14:15 [main] INFO  org.springframework.jmx.export.annotation.AnnotationMBeanExporter- Located MBean 'dataSource': registering with JMX server as MBean [com.alibaba.druid.pool:name=dataSource,type=DruidDataSource]
2018/11/30-14:15 [main] INFO  org.springframework.boot.web.embedded.undertow.UndertowServletWebServer- Undertow started on port(s) 8082 (http) with context path ''
2018/11/30-14:15 [main] INFO  com.wecat.small.SmallApplication- Started SmallApplication in 16.491 seconds (JVM running for 17.521)
2018/11/30-14:17 [XNIO-2 task-2] INFO  io.undertow.servlet- Initializing Spring FrameworkServlet 'dispatcherServlet'
2018/11/30-14:17 [XNIO-2 task-2] INFO  org.springframework.web.servlet.DispatcherServlet- FrameworkServlet 'dispatcherServlet': initialization started
2018/11/30-14:17 [XNIO-2 task-2] INFO  org.springframework.web.servlet.DispatcherServlet- FrameworkServlet 'dispatcherServlet': initialization completed in 64 ms
2018/11/30-14:20 [XNIO-2 task-4] ERROR io.undertow.request- UT005023: Exception handling request to /Msgcontent/list
org.springframework.web.util.NestedServletException: Request processing failed; nested exception is org.apache.ibatis.binding.BindingException: Invalid bound statement (not found): com.wecat.small.mapper.MsgcontentMapper.selectByPage
	at org.springframework.web.servlet.FrameworkServlet.processRequest(FrameworkServlet.java:982)
	at org.springframework.web.servlet.FrameworkServlet.doPost(FrameworkServlet.java:877)
	at javax.servlet.http.HttpServlet.service(HttpServlet.java:707)
	at org.springframework.web.servlet.FrameworkServlet.service(FrameworkServlet.java:851)
	at javax.servlet.http.HttpServlet.service(HttpServlet.java:790)
	at io.undertow.servlet.handlers.ServletHandler.handleRequest(ServletHandler.java:74)
	at io.undertow.servlet.handlers.FilterHandler$FilterChainImpl.doFilter(FilterHandler.java:129)
	at org.springframework.security.web.FilterChainProxy$VirtualFilterChain.doFilter(FilterChainProxy.java:320)
	at org.springframework.security.web.access.intercept.FilterSecurityInterceptor.invoke(FilterSecurityInterceptor.java:127)
	at org.springframework.security.web.access.intercept.FilterSecurityInterceptor.doFilter(FilterSecurityInterceptor.java:91)
	at org.springframework.security.web.FilterChainProxy$VirtualFilterChain.doFilter(FilterChainProxy.java:334)
	at org.springframework.security.web.access.ExceptionTranslationFilter.doFilter(ExceptionTranslationFilter.java:119)
	at org.springframework.security.web.FilterChainProxy$VirtualFilterChain.doFilter(FilterChainProxy.java:334)
	at org.springframework.security.web.session.SessionManagementFilter.doFilter(SessionManagementFilter.java:137)
	at org.springframework.security.web.FilterChainProxy$VirtualFilterChain.doFilter(FilterChainProxy.java:334)
	at org.springframework.security.web.authentication.AnonymousAuthenticationFilter.doFilter(AnonymousAuthenticationFilter.java:111)
	at org.springframework.security.web.FilterChainProxy$VirtualFilterChain.doFilter(FilterChainProxy.java:334)
	at org.springframework.security.web.servletapi.SecurityContextHolderAwareRequestFilter.doFilter(SecurityContextHolderAwareRequestFilter.java:170)
	at org.springframework.security.web.FilterChainProxy$VirtualFilterChain.doFilter(FilterChainProxy.java:334)
	at org.springframework.security.web.savedrequest.RequestCacheAwareFilter.doFilter(RequestCacheAwareFilter.java:63)
	at org.springframework.security.web.FilterChainProxy$VirtualFilterChain.doFilter(FilterChainProxy.java:334)
	at org.springframework.security.web.authentication.AbstractAuthenticationProcessingFilter.doFilter(AbstractAuthenticationProcessingFilter.java:200)
	at org.springframework.security.web.FilterChainProxy$VirtualFilterChain.doFilter(FilterChainProxy.java:334)
	at org.springframework.security.web.authentication.logout.LogoutFilter.doFilter(LogoutFilter.java:116)
	at org.springframework.security.web.FilterChainProxy$VirtualFilterChain.doFilter(FilterChainProxy.java:334)
	at org.springframework.security.web.header.HeaderWriterFilter.doFilterInternal(HeaderWriterFilter.java:66)
	at org.springframework.web.filter.OncePerRequestFilter.doFilter(OncePerRequestFilter.java:107)
	at org.springframework.security.web.FilterChainProxy$VirtualFilterChain.doFilter(FilterChainProxy.java:334)
	at org.springframework.security.web.context.SecurityContextPersistenceFilter.doFilter(SecurityContextPersistenceFilter.java:105)
	at org.springframework.security.web.FilterChainProxy$VirtualFilterChain.doFilter(FilterChainProxy.java:334)
	at org.springframework.security.web.context.request.async.WebAsyncManagerIntegrationFilter.doFilterInternal(WebAsyncManagerIntegrationFilter.java:56)
	at org.springframework.web.filter.OncePerRequestFilter.doFilter(OncePerRequestFilter.java:107)
	at org.springframework.security.web.FilterChainProxy$VirtualFilterChain.doFilter(FilterChainProxy.java:334)
	at org.springframework.security.web.FilterChainProxy.doFilterInternal(FilterChainProxy.java:215)
	at org.springframework.security.web.FilterChainProxy.doFilter(FilterChainProxy.java:178)
	at org.springframework.web.filter.DelegatingFilterProxy.invokeDelegate(DelegatingFilterProxy.java:357)
	at org.springframework.web.filter.DelegatingFilterProxy.doFilter(DelegatingFilterProxy.java:270)
	at io.undertow.servlet.core.ManagedFilter.doFilter(ManagedFilter.java:61)
	at io.undertow.servlet.handlers.FilterHandler$FilterChainImpl.doFilter(FilterHandler.java:131)
	at org.springframework.web.filter.RequestContextFilter.doFilterInternal(RequestContextFilter.java:99)
	at org.springframework.web.filter.OncePerRequestFilter.doFilter(OncePerRequestFilter.java:107)
	at io.undertow.servlet.core.ManagedFilter.doFilter(ManagedFilter.java:61)
	at io.undertow.servlet.handlers.FilterHandler$FilterChainImpl.doFilter(FilterHandler.java:131)
	at org.springframework.web.filter.HttpPutFormContentFilter.doFilterInternal(HttpPutFormContentFilter.java:109)
	at org.springframework.web.filter.OncePerRequestFilter.doFilter(OncePerRequestFilter.java:107)
	at io.undertow.servlet.core.ManagedFilter.doFilter(ManagedFilter.java:61)
	at io.undertow.servlet.handlers.FilterHandler$FilterChainImpl.doFilter(FilterHandler.java:131)
	at org.springframework.web.filter.HiddenHttpMethodFilter.doFilterInternal(HiddenHttpMethodFilter.java:93)
	at org.springframework.web.filter.OncePerRequestFilter.doFilter(OncePerRequestFilter.java:107)
	at io.undertow.servlet.core.ManagedFilter.doFilter(ManagedFilter.java:61)
	at io.undertow.servlet.handlers.FilterHandler$FilterChainImpl.doFilter(FilterHandler.java:131)
	at org.springframework.web.filter.CharacterEncodingFilter.doFilterInternal(CharacterEncodingFilter.java:200)
	at org.springframework.web.filter.OncePerRequestFilter.doFilter(OncePerRequestFilter.java:107)
	at io.undertow.servlet.core.ManagedFilter.doFilter(ManagedFilter.java:61)
	at io.undertow.servlet.handlers.FilterHandler$FilterChainImpl.doFilter(FilterHandler.java:131)
	at io.undertow.servlet.handlers.FilterHandler.handleRequest(FilterHandler.java:84)
	at io.undertow.servlet.handlers.security.ServletSecurityRoleHandler.handleRequest(ServletSecurityRoleHandler.java:62)
	at io.undertow.servlet.handlers.ServletChain$1.handleRequest(ServletChain.java:64)
	at io.undertow.servlet.handlers.ServletDispatchingHandler.handleRequest(ServletDispatchingHandler.java:36)
	at io.undertow.servlet.handlers.security.SSLInformationAssociationHandler.handleRequest(SSLInformationAssociationHandler.java:132)
	at io.undertow.servlet.handlers.security.ServletAuthenticationCallHandler.handleRequest(ServletAuthenticationCallHandler.java:57)
	at io.undertow.server.handlers.PredicateHandler.handleRequest(PredicateHandler.java:43)
	at io.undertow.security.handlers.AbstractConfidentialityHandler.handleRequest(AbstractConfidentialityHandler.java:46)
	at io.undertow.servlet.handlers.security.ServletConfidentialityConstraintHandler.handleRequest(ServletConfidentialityConstraintHandler.java:64)
	at io.undertow.security.handlers.AuthenticationMechanismsHandler.handleRequest(AuthenticationMechanismsHandler.java:60)
	at io.undertow.servlet.handlers.security.CachedAuthenticatedSessionHandler.handleRequest(CachedAuthenticatedSessionHandler.java:77)
	at io.undertow.security.handlers.AbstractSecurityContextAssociationHandler.handleRequest(AbstractSecurityContextAssociationHandler.java:43)
	at io.undertow.server.handlers.PredicateHandler.handleRequest(PredicateHandler.java:43)
	at io.undertow.server.handlers.PredicateHandler.handleRequest(PredicateHandler.java:43)
	at io.undertow.servlet.handlers.ServletInitialHandler.handleFirstRequest(ServletInitialHandler.java:292)
	at io.undertow.servlet.handlers.ServletInitialHandler.access$100(ServletInitialHandler.java:81)
	at io.undertow.servlet.handlers.ServletInitialHandler$2.call(ServletInitialHandler.java:138)
	at io.undertow.servlet.handlers.ServletInitialHandler$2.call(ServletInitialHandler.java:135)
	at io.undertow.servlet.core.ServletRequestContextThreadSetupAction$1.call(ServletRequestContextThreadSetupAction.java:48)
	at io.undertow.servlet.core.ContextClassLoaderSetupAction$1.call(ContextClassLoaderSetupAction.java:43)
	at io.undertow.servlet.handlers.ServletInitialHandler.dispatchRequest(ServletInitialHandler.java:272)
	at io.undertow.servlet.handlers.ServletInitialHandler.access$000(ServletInitialHandler.java:81)
	at io.undertow.servlet.handlers.ServletInitialHandler$1.handleRequest(ServletInitialHandler.java:104)
	at io.undertow.server.Connectors.executeRootHandler(Connectors.java:336)
	at io.undertow.server.HttpServerExchange$1.run(HttpServerExchange.java:830)
	at java.util.concurrent.ThreadPoolExecutor.runWorker(ThreadPoolExecutor.java:1149)
	at java.util.concurrent.ThreadPoolExecutor$Worker.run(ThreadPoolExecutor.java:624)
	at java.lang.Thread.run(Thread.java:748)
Caused by: org.apache.ibatis.binding.BindingException: Invalid bound statement (not found): com.wecat.small.mapper.MsgcontentMapper.selectByPage
	at com.baomidou.mybatisplus.core.override.PageMapperMethod$SqlCommand.<init>(PageMapperMethod.java:261)
	at com.baomidou.mybatisplus.core.override.PageMapperMethod.<init>(PageMapperMethod.java:58)
	at com.baomidou.mybatisplus.core.override.PageMapperProxy.cachedMapperMethod(PageMapperProxy.java:70)
	at com.baomidou.mybatisplus.core.override.PageMapperProxy.invoke(PageMapperProxy.java:63)
	at com.sun.proxy.$Proxy82.selectByPage(Unknown Source)
	at com.wecat.small.service.MsgcontentService.selectByPage(MsgcontentService.java:34)
	at com.wecat.small.service.MsgcontentService$$FastClassBySpringCGLIB$$7158fe2a.invoke(<generated>)
	at org.springframework.cglib.proxy.MethodProxy.invoke(MethodProxy.java:204)
	at org.springframework.aop.framework.CglibAopProxy$CglibMethodInvocation.invokeJoinpoint(CglibAopProxy.java:746)
	at org.springframework.aop.framework.ReflectiveMethodInvocation.proceed(ReflectiveMethodInvocation.java:163)
	at org.springframework.transaction.interceptor.TransactionAspectSupport.invokeWithinTransaction(TransactionAspectSupport.java:294)
	at org.springframework.transaction.interceptor.TransactionInterceptor.invoke(TransactionInterceptor.java:98)
	at org.springframework.aop.framework.ReflectiveMethodInvocation.proceed(ReflectiveMethodInvocation.java:185)
	at org.springframework.aop.framework.CglibAopProxy$DynamicAdvisedInterceptor.intercept(CglibAopProxy.java:688)
	at com.wecat.small.service.MsgcontentService$$EnhancerBySpringCGLIB$$5e6afb65.selectByPage(<generated>)
	at com.wecat.small.Controller.MsgcontentController.list(MsgcontentController.java:36)
	at sun.reflect.NativeMethodAccessorImpl.invoke0(Native Method)
	at sun.reflect.NativeMethodAccessorImpl.invoke(NativeMethodAccessorImpl.java:62)
	at sun.reflect.DelegatingMethodAccessorImpl.invoke(DelegatingMethodAccessorImpl.java:43)
	at java.lang.reflect.Method.invoke(Method.java:498)
	at org.springframework.web.method.support.InvocableHandlerMethod.doInvoke(InvocableHandlerMethod.java:209)
	at org.springframework.web.method.support.InvocableHandlerMethod.invokeForRequest(InvocableHandlerMethod.java:136)
	at org.springframework.web.servlet.mvc.method.annotation.ServletInvocableHandlerMethod.invokeAndHandle(ServletInvocableHandlerMethod.java:102)
	at org.springframework.web.servlet.mvc.method.annotation.RequestMappingHandlerAdapter.invokeHandlerMethod(RequestMappingHandlerAdapter.java:877)
	at org.springframework.web.servlet.mvc.method.annotation.RequestMappingHandlerAdapter.handleInternal(RequestMappingHandlerAdapter.java:783)
	at org.springframework.web.servlet.mvc.method.AbstractHandlerMethodAdapter.handle(AbstractHandlerMethodAdapter.java:87)
	at org.springframework.web.servlet.DispatcherServlet.doDispatch(DispatcherServlet.java:991)
	at org.springframework.web.servlet.DispatcherServlet.doService(DispatcherServlet.java:925)
	at org.springframework.web.servlet.FrameworkServlet.processRequest(FrameworkServlet.java:974)
	... 82 common frames omitted
2018/11/30-14:24 [main] ERROR org.springframework.boot.context.logging.LoggingApplicationListener- Cannot set level: WARN  for 'com.wecat.small.mapper'
2018/11/30-14:24 [main] INFO  com.wecat.small.SmallApplication- Starting SmallApplication on chenjunyan with PID 10592 (D:\work\github\cjyvuespringboot\small\target\classes started by Administrator in D:\work\github\cjyvuespringboot\small)
2018/11/30-14:24 [main] INFO  com.wecat.small.SmallApplication- No active profile set, falling back to default profiles: default
2018/11/30-14:24 [main] INFO  org.springframework.boot.web.servlet.context.AnnotationConfigServletWebServerApplicationContext- Refreshing org.springframework.boot.web.servlet.context.AnnotationConfigServletWebServerApplicationContext@1680b5a: startup date [Fri Nov 30 14:24:39 CST 2018]; root of context hierarchy
2018/11/30-14:24 [main] INFO  org.springframework.data.repository.config.RepositoryConfigurationDelegate- Multiple Spring Data modules found, entering strict repository configuration mode!
2018/11/30-14:24 [main] INFO  org.springframework.context.support.PostProcessorRegistrationDelegate$BeanPostProcessorChecker- Bean 'org.springframework.transaction.annotation.ProxyTransactionManagementConfiguration' of type [org.springframework.transaction.annotation.ProxyTransactionManagementConfiguration$$EnhancerBySpringCGLIB$$8cf5034d] is not eligible for getting processed by all BeanPostProcessors (for example: not eligible for auto-proxying)
2018/11/30-14:24 [main] INFO  org.xnio- XNIO version 3.3.8.Final
2018/11/30-14:24 [main] INFO  org.xnio.nio- XNIO NIO Implementation Version 3.3.8.Final
2018/11/30-14:24 [main] WARN  io.undertow.websockets.jsr- UT026009: XNIO worker was not set on WebSocketDeploymentInfo, the default worker will be used
2018/11/30-14:24 [main] WARN  io.undertow.websockets.jsr- UT026010: Buffer pool was not set on WebSocketDeploymentInfo, the default pool will be used
2018/11/30-14:24 [main] INFO  io.undertow.servlet- Initializing Spring embedded WebApplicationContext
2018/11/30-14:24 [main] INFO  org.springframework.web.context.ContextLoader- Root WebApplicationContext: initialization completed in 1790 ms
2018/11/30-14:24 [main] INFO  org.springframework.boot.web.servlet.FilterRegistrationBean- Mapping filter: 'characterEncodingFilter' to: [/*]
2018/11/30-14:24 [main] INFO  org.springframework.boot.web.servlet.FilterRegistrationBean- Mapping filter: 'hiddenHttpMethodFilter' to: [/*]
2018/11/30-14:24 [main] INFO  org.springframework.boot.web.servlet.FilterRegistrationBean- Mapping filter: 'httpPutFormContentFilter' to: [/*]
2018/11/30-14:24 [main] INFO  org.springframework.boot.web.servlet.FilterRegistrationBean- Mapping filter: 'requestContextFilter' to: [/*]
2018/11/30-14:24 [main] INFO  org.springframework.boot.web.servlet.DelegatingFilterProxyRegistrationBean- Mapping filter: 'springSecurityFilterChain' to: [/*]
2018/11/30-14:24 [main] INFO  org.springframework.boot.web.servlet.ServletRegistrationBean- Servlet dispatcherServlet mapped to [/]
2018/11/30-14:24 [main] INFO  com.alibaba.druid.pool.DruidDataSource- {dataSource-1} inited
2018/11/30-14:24 [main] INFO  org.springframework.web.servlet.handler.SimpleUrlHandlerMapping- Mapped URL path [/**/favicon.ico] onto handler of type [class org.springframework.web.servlet.resource.ResourceHttpRequestHandler]
2018/11/30-14:24 [main] INFO  org.springframework.web.servlet.mvc.method.annotation.RequestMappingHandlerAdapter- Looking for @ControllerAdvice: org.springframework.boot.web.servlet.context.AnnotationConfigServletWebServerApplicationContext@1680b5a: startup date [Fri Nov 30 14:24:39 CST 2018]; root of context hierarchy
2018/11/30-14:24 [main] INFO  org.springframework.web.servlet.mvc.method.annotation.RequestMappingHandlerMapping- Mapped "{[/config/sysmenu]}" onto public java.util.List<com.wecat.small.entity.MenuEntity> com.wecat.small.Controller.ConfigController.sysmenu()
2018/11/30-14:24 [main] INFO  org.springframework.web.servlet.mvc.method.annotation.RequestMappingHandlerMapping- Mapped "{[/employee/basic/add],methods=[POST]}" onto public com.wecat.small.common.BaseRespMsg com.wecat.small.Controller.emp.EmpBasicController.add(com.wecat.small.entity.EmployeeEntity)
2018/11/30-14:24 [main] INFO  org.springframework.web.servlet.mvc.method.annotation.RequestMappingHandlerMapping- Mapped "{[/employee/basic/emp]}" onto public java.util.Map<java.lang.String, java.lang.Object> com.wecat.small.Controller.emp.EmpBasicController.emp(com.wecat.small.entity.PageInfoSmall<com.wecat.small.entity.EmployeeEntity>)
2018/11/30-14:24 [main] INFO  org.springframework.web.servlet.mvc.method.annotation.RequestMappingHandlerMapping- Mapped "{[/employee/basic/basicdata]}" onto public java.util.Map<java.lang.String, java.lang.Object> com.wecat.small.Controller.emp.EmpBasicController.basicdata()
2018/11/30-14:24 [main] INFO  org.springframework.web.servlet.mvc.method.annotation.RequestMappingHandlerMapping- Mapped "{[/employee/basic/maxWorkID]}" onto public java.lang.String com.wecat.small.Controller.emp.EmpBasicController.maxWorkID()
2018/11/30-14:24 [main] INFO  org.springframework.web.servlet.mvc.method.annotation.RequestMappingHandlerMapping- Mapped "{[/hello/one]}" onto public java.lang.String com.wecat.small.Controller.HelloController.hello()
2018/11/30-14:24 [main] INFO  org.springframework.web.servlet.mvc.method.annotation.RequestMappingHandlerMapping- Mapped "{[/Msgcontent/update],methods=[POST]}" onto public com.wecat.small.common.BaseRespMsg com.wecat.small.Controller.MsgcontentController.update(com.wecat.small.entity.Msgcontent)
2018/11/30-14:24 [main] INFO  org.springframework.web.servlet.mvc.method.annotation.RequestMappingHandlerMapping- Mapped "{[/Msgcontent/find]}" onto public com.wecat.small.common.BaseRespData com.wecat.small.Controller.MsgcontentController.find(java.lang.Long)
2018/11/30-14:24 [main] INFO  org.springframework.web.servlet.mvc.method.annotation.RequestMappingHandlerMapping- Mapped "{[/Msgcontent/list]}" onto public com.wecat.small.common.BaseRespData com.wecat.small.Controller.MsgcontentController.list(com.wecat.small.common.PageInfoReqVo<com.wecat.small.entity.Msgcontent>)
2018/11/30-14:24 [main] INFO  org.springframework.web.servlet.mvc.method.annotation.RequestMappingHandlerMapping- Mapped "{[/Msgcontent/all]}" onto public com.wecat.small.common.BaseRespData com.wecat.small.Controller.MsgcontentController.findAll()
2018/11/30-14:24 [main] INFO  org.springframework.web.servlet.mvc.method.annotation.RequestMappingHandlerMapping- Mapped "{[/Msgcontent/add],methods=[POST]}" onto public com.wecat.small.common.BaseRespMsg com.wecat.small.Controller.MsgcontentController.addItem(com.wecat.small.entity.Msgcontent)
2018/11/30-14:24 [main] INFO  org.springframework.web.servlet.mvc.method.annotation.RequestMappingHandlerMapping- Mapped "{[/Msgcontent/dels]}" onto public com.wecat.small.common.BaseRespMsg com.wecat.small.Controller.MsgcontentController.deleteItems(java.util.List<java.lang.Long>)
2018/11/30-14:24 [main] INFO  org.springframework.web.servlet.mvc.method.annotation.RequestMappingHandlerMapping- Mapped "{[/Msgcontent/del]}" onto public com.wecat.small.common.BaseRespMsg com.wecat.small.Controller.MsgcontentController.deleteItems(java.lang.Long)
2018/11/30-14:24 [main] INFO  org.springframework.web.servlet.mvc.method.annotation.RequestMappingHandlerMapping- Mapped "{[/employee/basic/exportEmp]}" onto public org.springframework.http.ResponseEntity<byte[]> com.wecat.small.Controller.PoiController.exportEmp()
2018/11/30-14:24 [main] INFO  org.springframework.web.servlet.mvc.method.annotation.RequestMappingHandlerMapping- Mapped "{[/employee/basic/importEmp],methods=[POST]}" onto public com.wecat.small.common.BaseRespMsg com.wecat.small.Controller.PoiController.importEmp(org.springframework.web.multipart.MultipartFile)
2018/11/30-14:24 [main] INFO  org.springframework.web.servlet.mvc.method.annotation.RequestMappingHandlerMapping- Mapped "{[/Sysmsg/update],methods=[POST]}" onto public com.wecat.small.common.BaseRespMsg com.wecat.small.Controller.SysmsgController.update(com.wecat.small.entity.Sysmsg)
2018/11/30-14:24 [main] INFO  org.springframework.web.servlet.mvc.method.annotation.RequestMappingHandlerMapping- Mapped "{[/Sysmsg/find]}" onto public com.wecat.small.common.BaseRespData com.wecat.small.Controller.SysmsgController.find(java.lang.Long)
2018/11/30-14:24 [main] INFO  org.springframework.web.servlet.mvc.method.annotation.RequestMappingHandlerMapping- Mapped "{[/Sysmsg/list]}" onto public com.wecat.small.common.BaseRespData com.wecat.small.Controller.SysmsgController.list(com.wecat.small.common.PageInfoReqVo<com.wecat.small.entity.Sysmsg>)
2018/11/30-14:24 [main] INFO  org.springframework.web.servlet.mvc.method.annotation.RequestMappingHandlerMapping- Mapped "{[/Sysmsg/all]}" onto public com.wecat.small.common.BaseRespData com.wecat.small.Controller.SysmsgController.findAll()
2018/11/30-14:24 [main] INFO  org.springframework.web.servlet.mvc.method.annotation.RequestMappingHandlerMapping- Mapped "{[/Sysmsg/add],methods=[POST]}" onto public com.wecat.small.common.BaseRespMsg com.wecat.small.Controller.SysmsgController.addItem(com.wecat.small.entity.Sysmsg)
2018/11/30-14:24 [main] INFO  org.springframework.web.servlet.mvc.method.annotation.RequestMappingHandlerMapping- Mapped "{[/Sysmsg/dels]}" onto public com.wecat.small.common.BaseRespMsg com.wecat.small.Controller.SysmsgController.deleteItems(java.util.List<java.lang.Long>)
2018/11/30-14:24 [main] INFO  org.springframework.web.servlet.mvc.method.annotation.RequestMappingHandlerMapping- Mapped "{[/Sysmsg/del]}" onto public com.wecat.small.common.BaseRespMsg com.wecat.small.Controller.SysmsgController.deleteItems(java.lang.Long)
2018/11/30-14:24 [main] INFO  org.springframework.web.servlet.mvc.method.annotation.RequestMappingHandlerMapping- Mapped "{[/system/basic/dep]}" onto public com.wecat.small.common.BaseRespMsg com.wecat.small.Controller.system.SystemBasicController.addDep(com.wecat.small.entity.Department)
2018/11/30-14:24 [main] INFO  org.springframework.web.servlet.mvc.method.annotation.RequestMappingHandlerMapping- Mapped "{[/system/basic/dep/{pid}],methods=[GET]}" onto public java.util.List<com.wecat.small.entity.Department> com.wecat.small.Controller.system.SystemBasicController.getDepByPid(java.lang.Long)
2018/11/30-14:24 [main] INFO  org.springframework.web.servlet.mvc.method.annotation.RequestMappingHandlerMapping- Mapped "{[/system/basic/dep/{did}]}" onto public com.wecat.small.common.BaseRespMsg com.wecat.small.Controller.system.SystemBasicController.deleteDep(java.lang.Integer)
2018/11/30-14:24 [main] INFO  org.springframework.web.servlet.mvc.method.annotation.RequestMappingHandlerMapping- Mapped "{[/system/basic/positions]}" onto public java.util.List<com.wecat.small.entity.PositionEntity> com.wecat.small.Controller.system.SystemBasicController.positions()
2018/11/30-14:24 [main] INFO  org.springframework.web.servlet.mvc.method.annotation.RequestMappingHandlerMapping- Mapped "{[/system/basic/joblevels]}" onto public java.util.List<com.wecat.small.entity.JoblevelEntity> com.wecat.small.Controller.system.SystemBasicController.joblevels()
2018/11/30-14:24 [main] INFO  org.springframework.web.servlet.mvc.method.annotation.RequestMappingHandlerMapping- Mapped "{[/error]}" onto public org.springframework.http.ResponseEntity<java.util.Map<java.lang.String, java.lang.Object>> org.springframework.boot.autoconfigure.web.servlet.error.BasicErrorController.error(javax.servlet.http.HttpServletRequest)
2018/11/30-14:24 [main] INFO  org.springframework.web.servlet.mvc.method.annotation.RequestMappingHandlerMapping- Mapped "{[/error],produces=[text/html]}" onto public org.springframework.web.servlet.ModelAndView org.springframework.boot.autoconfigure.web.servlet.error.BasicErrorController.errorHtml(javax.servlet.http.HttpServletRequest,javax.servlet.http.HttpServletResponse)
2018/11/30-14:24 [main] INFO  org.springframework.web.servlet.handler.SimpleUrlHandlerMapping- Mapped URL path [/webjars/**] onto handler of type [class org.springframework.web.servlet.resource.ResourceHttpRequestHandler]
2018/11/30-14:24 [main] INFO  org.springframework.web.servlet.handler.SimpleUrlHandlerMapping- Mapped URL path [/**] onto handler of type [class org.springframework.web.servlet.resource.ResourceHttpRequestHandler]
2018/11/30-14:24 [main] INFO  org.springframework.web.servlet.view.freemarker.FreeMarkerConfigurer- ClassTemplateLoader for Spring macros added to FreeMarker configuration
2018/11/30-14:24 [main] INFO  org.springframework.security.web.DefaultSecurityFilterChain- Creating filter chain: Ant [pattern='/index.html'], []
2018/11/30-14:24 [main] INFO  org.springframework.security.web.DefaultSecurityFilterChain- Creating filter chain: Ant [pattern='/static/**'], []
2018/11/30-14:24 [main] INFO  org.springframework.security.web.DefaultSecurityFilterChain- Creating filter chain: org.springframework.security.web.util.matcher.AnyRequestMatcher@1, [org.springframework.security.web.context.request.async.WebAsyncManagerIntegrationFilter@829999, org.springframework.security.web.context.SecurityContextPersistenceFilter@1f75b5c, org.springframework.security.web.header.HeaderWriterFilter@2e682a, org.springframework.security.web.authentication.logout.LogoutFilter@1613ae5, org.springframework.security.web.authentication.UsernamePasswordAuthenticationFilter@1528cf7, org.springframework.security.web.savedrequest.RequestCacheAwareFilter@1d72332, org.springframework.security.web.servletapi.SecurityContextHolderAwareRequestFilter@1503de1, org.springframework.security.web.authentication.AnonymousAuthenticationFilter@fb45e5, org.springframework.security.web.session.SessionManagementFilter@9f25f3, org.springframework.security.web.access.ExceptionTranslationFilter@369270, org.springframework.security.web.access.intercept.FilterSecurityInterceptor@14beff9]
2018/11/30-14:24 [main] INFO  org.springframework.jmx.export.annotation.AnnotationMBeanExporter- Registering beans for JMX exposure on startup
2018/11/30-14:24 [main] INFO  org.springframework.jmx.export.annotation.AnnotationMBeanExporter- Bean with name 'dataSource' has been autodetected for JMX exposure
2018/11/30-14:24 [main] INFO  org.springframework.jmx.export.annotation.AnnotationMBeanExporter- Located MBean 'dataSource': registering with JMX server as MBean [com.alibaba.druid.pool:name=dataSource,type=DruidDataSource]
2018/11/30-14:24 [main] INFO  org.springframework.boot.web.embedded.undertow.UndertowServletWebServer- Undertow started on port(s) 8082 (http) with context path ''
2018/11/30-14:24 [main] INFO  com.wecat.small.SmallApplication- Started SmallApplication in 4.812 seconds (JVM running for 5.231)
2018/11/30-14:24 [XNIO-2 task-1] INFO  io.undertow.servlet- Initializing Spring FrameworkServlet 'dispatcherServlet'
2018/11/30-14:24 [XNIO-2 task-1] INFO  org.springframework.web.servlet.DispatcherServlet- FrameworkServlet 'dispatcherServlet': initialization started
2018/11/30-14:24 [XNIO-2 task-1] INFO  org.springframework.web.servlet.DispatcherServlet- FrameworkServlet 'dispatcherServlet': initialization completed in 12 ms
2018/11/30-14:25 [XNIO-2 task-8] ERROR io.undertow.request- UT005023: Exception handling request to /Msgcontent/list
org.springframework.web.util.NestedServletException: Request processing failed; nested exception is org.apache.ibatis.binding.BindingException: Invalid bound statement (not found): com.wecat.small.mapper.MsgcontentMapper.selectByPage
	at org.springframework.web.servlet.FrameworkServlet.processRequest(FrameworkServlet.java:982)
	at org.springframework.web.servlet.FrameworkServlet.doPost(FrameworkServlet.java:877)
	at javax.servlet.http.HttpServlet.service(HttpServlet.java:707)
	at org.springframework.web.servlet.FrameworkServlet.service(FrameworkServlet.java:851)
	at javax.servlet.http.HttpServlet.service(HttpServlet.java:790)
	at io.undertow.servlet.handlers.ServletHandler.handleRequest(ServletHandler.java:74)
	at io.undertow.servlet.handlers.FilterHandler$FilterChainImpl.doFilter(FilterHandler.java:129)
	at org.springframework.security.web.FilterChainProxy$VirtualFilterChain.doFilter(FilterChainProxy.java:320)
	at org.springframework.security.web.access.intercept.FilterSecurityInterceptor.invoke(FilterSecurityInterceptor.java:127)
	at org.springframework.security.web.access.intercept.FilterSecurityInterceptor.doFilter(FilterSecurityInterceptor.java:91)
	at org.springframework.security.web.FilterChainProxy$VirtualFilterChain.doFilter(FilterChainProxy.java:334)
	at org.springframework.security.web.access.ExceptionTranslationFilter.doFilter(ExceptionTranslationFilter.java:119)
	at org.springframework.security.web.FilterChainProxy$VirtualFilterChain.doFilter(FilterChainProxy.java:334)
	at org.springframework.security.web.session.SessionManagementFilter.doFilter(SessionManagementFilter.java:137)
	at org.springframework.security.web.FilterChainProxy$VirtualFilterChain.doFilter(FilterChainProxy.java:334)
	at org.springframework.security.web.authentication.AnonymousAuthenticationFilter.doFilter(AnonymousAuthenticationFilter.java:111)
	at org.springframework.security.web.FilterChainProxy$VirtualFilterChain.doFilter(FilterChainProxy.java:334)
	at org.springframework.security.web.servletapi.SecurityContextHolderAwareRequestFilter.doFilter(SecurityContextHolderAwareRequestFilter.java:170)
	at org.springframework.security.web.FilterChainProxy$VirtualFilterChain.doFilter(FilterChainProxy.java:334)
	at org.springframework.security.web.savedrequest.RequestCacheAwareFilter.doFilter(RequestCacheAwareFilter.java:63)
	at org.springframework.security.web.FilterChainProxy$VirtualFilterChain.doFilter(FilterChainProxy.java:334)
	at org.springframework.security.web.authentication.AbstractAuthenticationProcessingFilter.doFilter(AbstractAuthenticationProcessingFilter.java:200)
	at org.springframework.security.web.FilterChainProxy$VirtualFilterChain.doFilter(FilterChainProxy.java:334)
	at org.springframework.security.web.authentication.logout.LogoutFilter.doFilter(LogoutFilter.java:116)
	at org.springframework.security.web.FilterChainProxy$VirtualFilterChain.doFilter(FilterChainProxy.java:334)
	at org.springframework.security.web.header.HeaderWriterFilter.doFilterInternal(HeaderWriterFilter.java:66)
	at org.springframework.web.filter.OncePerRequestFilter.doFilter(OncePerRequestFilter.java:107)
	at org.springframework.security.web.FilterChainProxy$VirtualFilterChain.doFilter(FilterChainProxy.java:334)
	at org.springframework.security.web.context.SecurityContextPersistenceFilter.doFilter(SecurityContextPersistenceFilter.java:105)
	at org.springframework.security.web.FilterChainProxy$VirtualFilterChain.doFilter(FilterChainProxy.java:334)
	at org.springframework.security.web.context.request.async.WebAsyncManagerIntegrationFilter.doFilterInternal(WebAsyncManagerIntegrationFilter.java:56)
	at org.springframework.web.filter.OncePerRequestFilter.doFilter(OncePerRequestFilter.java:107)
	at org.springframework.security.web.FilterChainProxy$VirtualFilterChain.doFilter(FilterChainProxy.java:334)
	at org.springframework.security.web.FilterChainProxy.doFilterInternal(FilterChainProxy.java:215)
	at org.springframework.security.web.FilterChainProxy.doFilter(FilterChainProxy.java:178)
	at org.springframework.web.filter.DelegatingFilterProxy.invokeDelegate(DelegatingFilterProxy.java:357)
	at org.springframework.web.filter.DelegatingFilterProxy.doFilter(DelegatingFilterProxy.java:270)
	at io.undertow.servlet.core.ManagedFilter.doFilter(ManagedFilter.java:61)
	at io.undertow.servlet.handlers.FilterHandler$FilterChainImpl.doFilter(FilterHandler.java:131)
	at org.springframework.web.filter.RequestContextFilter.doFilterInternal(RequestContextFilter.java:99)
	at org.springframework.web.filter.OncePerRequestFilter.doFilter(OncePerRequestFilter.java:107)
	at io.undertow.servlet.core.ManagedFilter.doFilter(ManagedFilter.java:61)
	at io.undertow.servlet.handlers.FilterHandler$FilterChainImpl.doFilter(FilterHandler.java:131)
	at org.springframework.web.filter.HttpPutFormContentFilter.doFilterInternal(HttpPutFormContentFilter.java:109)
	at org.springframework.web.filter.OncePerRequestFilter.doFilter(OncePerRequestFilter.java:107)
	at io.undertow.servlet.core.ManagedFilter.doFilter(ManagedFilter.java:61)
	at io.undertow.servlet.handlers.FilterHandler$FilterChainImpl.doFilter(FilterHandler.java:131)
	at org.springframework.web.filter.HiddenHttpMethodFilter.doFilterInternal(HiddenHttpMethodFilter.java:93)
	at org.springframework.web.filter.OncePerRequestFilter.doFilter(OncePerRequestFilter.java:107)
	at io.undertow.servlet.core.ManagedFilter.doFilter(ManagedFilter.java:61)
	at io.undertow.servlet.handlers.FilterHandler$FilterChainImpl.doFilter(FilterHandler.java:131)
	at org.springframework.web.filter.CharacterEncodingFilter.doFilterInternal(CharacterEncodingFilter.java:200)
	at org.springframework.web.filter.OncePerRequestFilter.doFilter(OncePerRequestFilter.java:107)
	at io.undertow.servlet.core.ManagedFilter.doFilter(ManagedFilter.java:61)
	at io.undertow.servlet.handlers.FilterHandler$FilterChainImpl.doFilter(FilterHandler.java:131)
	at io.undertow.servlet.handlers.FilterHandler.handleRequest(FilterHandler.java:84)
	at io.undertow.servlet.handlers.security.ServletSecurityRoleHandler.handleRequest(ServletSecurityRoleHandler.java:62)
	at io.undertow.servlet.handlers.ServletChain$1.handleRequest(ServletChain.java:64)
	at io.undertow.servlet.handlers.ServletDispatchingHandler.handleRequest(ServletDispatchingHandler.java:36)
	at io.undertow.servlet.handlers.security.SSLInformationAssociationHandler.handleRequest(SSLInformationAssociationHandler.java:132)
	at io.undertow.servlet.handlers.security.ServletAuthenticationCallHandler.handleRequest(ServletAuthenticationCallHandler.java:57)
	at io.undertow.server.handlers.PredicateHandler.handleRequest(PredicateHandler.java:43)
	at io.undertow.security.handlers.AbstractConfidentialityHandler.handleRequest(AbstractConfidentialityHandler.java:46)
	at io.undertow.servlet.handlers.security.ServletConfidentialityConstraintHandler.handleRequest(ServletConfidentialityConstraintHandler.java:64)
	at io.undertow.security.handlers.AuthenticationMechanismsHandler.handleRequest(AuthenticationMechanismsHandler.java:60)
	at io.undertow.servlet.handlers.security.CachedAuthenticatedSessionHandler.handleRequest(CachedAuthenticatedSessionHandler.java:77)
	at io.undertow.security.handlers.AbstractSecurityContextAssociationHandler.handleRequest(AbstractSecurityContextAssociationHandler.java:43)
	at io.undertow.server.handlers.PredicateHandler.handleRequest(PredicateHandler.java:43)
	at io.undertow.server.handlers.PredicateHandler.handleRequest(PredicateHandler.java:43)
	at io.undertow.servlet.handlers.ServletInitialHandler.handleFirstRequest(ServletInitialHandler.java:292)
	at io.undertow.servlet.handlers.ServletInitialHandler.access$100(ServletInitialHandler.java:81)
	at io.undertow.servlet.handlers.ServletInitialHandler$2.call(ServletInitialHandler.java:138)
	at io.undertow.servlet.handlers.ServletInitialHandler$2.call(ServletInitialHandler.java:135)
	at io.undertow.servlet.core.ServletRequestContextThreadSetupAction$1.call(ServletRequestContextThreadSetupAction.java:48)
	at io.undertow.servlet.core.ContextClassLoaderSetupAction$1.call(ContextClassLoaderSetupAction.java:43)
	at io.undertow.servlet.handlers.ServletInitialHandler.dispatchRequest(ServletInitialHandler.java:272)
	at io.undertow.servlet.handlers.ServletInitialHandler.access$000(ServletInitialHandler.java:81)
	at io.undertow.servlet.handlers.ServletInitialHandler$1.handleRequest(ServletInitialHandler.java:104)
	at io.undertow.server.Connectors.executeRootHandler(Connectors.java:336)
	at io.undertow.server.HttpServerExchange$1.run(HttpServerExchange.java:830)
	at java.util.concurrent.ThreadPoolExecutor.runWorker(ThreadPoolExecutor.java:1149)
	at java.util.concurrent.ThreadPoolExecutor$Worker.run(ThreadPoolExecutor.java:624)
	at java.lang.Thread.run(Thread.java:748)
Caused by: org.apache.ibatis.binding.BindingException: Invalid bound statement (not found): com.wecat.small.mapper.MsgcontentMapper.selectByPage
	at com.baomidou.mybatisplus.core.override.PageMapperMethod$SqlCommand.<init>(PageMapperMethod.java:261)
	at com.baomidou.mybatisplus.core.override.PageMapperMethod.<init>(PageMapperMethod.java:58)
	at com.baomidou.mybatisplus.core.override.PageMapperProxy.cachedMapperMethod(PageMapperProxy.java:70)
	at com.baomidou.mybatisplus.core.override.PageMapperProxy.invoke(PageMapperProxy.java:63)
	at com.sun.proxy.$Proxy82.selectByPage(Unknown Source)
	at com.wecat.small.service.MsgcontentService.selectByPage(MsgcontentService.java:34)
	at com.wecat.small.service.MsgcontentService$$FastClassBySpringCGLIB$$7158fe2a.invoke(<generated>)
	at org.springframework.cglib.proxy.MethodProxy.invoke(MethodProxy.java:204)
	at org.springframework.aop.framework.CglibAopProxy$CglibMethodInvocation.invokeJoinpoint(CglibAopProxy.java:746)
	at org.springframework.aop.framework.ReflectiveMethodInvocation.proceed(ReflectiveMethodInvocation.java:163)
	at org.springframework.transaction.interceptor.TransactionAspectSupport.invokeWithinTransaction(TransactionAspectSupport.java:294)
	at org.springframework.transaction.interceptor.TransactionInterceptor.invoke(TransactionInterceptor.java:98)
	at org.springframework.aop.framework.ReflectiveMethodInvocation.proceed(ReflectiveMethodInvocation.java:185)
	at org.springframework.aop.framework.CglibAopProxy$DynamicAdvisedInterceptor.intercept(CglibAopProxy.java:688)
	at com.wecat.small.service.MsgcontentService$$EnhancerBySpringCGLIB$$b943196c.selectByPage(<generated>)
	at com.wecat.small.Controller.MsgcontentController.list(MsgcontentController.java:36)
	at sun.reflect.NativeMethodAccessorImpl.invoke0(Native Method)
	at sun.reflect.NativeMethodAccessorImpl.invoke(NativeMethodAccessorImpl.java:62)
	at sun.reflect.DelegatingMethodAccessorImpl.invoke(DelegatingMethodAccessorImpl.java:43)
	at java.lang.reflect.Method.invoke(Method.java:498)
	at org.springframework.web.method.support.InvocableHandlerMethod.doInvoke(InvocableHandlerMethod.java:209)
	at org.springframework.web.method.support.InvocableHandlerMethod.invokeForRequest(InvocableHandlerMethod.java:136)
	at org.springframework.web.servlet.mvc.method.annotation.ServletInvocableHandlerMethod.invokeAndHandle(ServletInvocableHandlerMethod.java:102)
	at org.springframework.web.servlet.mvc.method.annotation.RequestMappingHandlerAdapter.invokeHandlerMethod(RequestMappingHandlerAdapter.java:877)
	at org.springframework.web.servlet.mvc.method.annotation.RequestMappingHandlerAdapter.handleInternal(RequestMappingHandlerAdapter.java:783)
	at org.springframework.web.servlet.mvc.method.AbstractHandlerMethodAdapter.handle(AbstractHandlerMethodAdapter.java:87)
	at org.springframework.web.servlet.DispatcherServlet.doDispatch(DispatcherServlet.java:991)
	at org.springframework.web.servlet.DispatcherServlet.doService(DispatcherServlet.java:925)
	at org.springframework.web.servlet.FrameworkServlet.processRequest(FrameworkServlet.java:974)
	... 82 common frames omitted
2018/11/30-14:33 [main] ERROR org.springframework.boot.context.logging.LoggingApplicationListener- Cannot set level: WARN  for 'com.wecat.small.mapper'
2018/11/30-14:33 [main] INFO  com.wecat.small.SmallApplication- Starting SmallApplication on chenjunyan with PID 11488 (D:\work\github\cjyvuespringboot\small\target\classes started by Administrator in D:\work\github\cjyvuespringboot\small)
2018/11/30-14:33 [main] INFO  com.wecat.small.SmallApplication- No active profile set, falling back to default profiles: default
2018/11/30-14:33 [main] INFO  org.springframework.boot.web.servlet.context.AnnotationConfigServletWebServerApplicationContext- Refreshing org.springframework.boot.web.servlet.context.AnnotationConfigServletWebServerApplicationContext@92efc3: startup date [Fri Nov 30 14:33:31 CST 2018]; root of context hierarchy
2018/11/30-14:33 [main] INFO  org.springframework.data.repository.config.RepositoryConfigurationDelegate- Multiple Spring Data modules found, entering strict repository configuration mode!
2018/11/30-14:33 [main] INFO  org.springframework.context.support.PostProcessorRegistrationDelegate$BeanPostProcessorChecker- Bean 'org.springframework.transaction.annotation.ProxyTransactionManagementConfiguration' of type [org.springframework.transaction.annotation.ProxyTransactionManagementConfiguration$$EnhancerBySpringCGLIB$$96cb51c9] is not eligible for getting processed by all BeanPostProcessors (for example: not eligible for auto-proxying)
2018/11/30-14:33 [main] INFO  org.xnio- XNIO version 3.3.8.Final
2018/11/30-14:33 [main] INFO  org.xnio.nio- XNIO NIO Implementation Version 3.3.8.Final
2018/11/30-14:33 [main] WARN  io.undertow.websockets.jsr- UT026009: XNIO worker was not set on WebSocketDeploymentInfo, the default worker will be used
2018/11/30-14:33 [main] WARN  io.undertow.websockets.jsr- UT026010: Buffer pool was not set on WebSocketDeploymentInfo, the default pool will be used
2018/11/30-14:33 [main] INFO  io.undertow.servlet- Initializing Spring embedded WebApplicationContext
2018/11/30-14:33 [main] INFO  org.springframework.web.context.ContextLoader- Root WebApplicationContext: initialization completed in 1791 ms
2018/11/30-14:33 [main] INFO  org.springframework.boot.web.servlet.FilterRegistrationBean- Mapping filter: 'characterEncodingFilter' to: [/*]
2018/11/30-14:33 [main] INFO  org.springframework.boot.web.servlet.FilterRegistrationBean- Mapping filter: 'hiddenHttpMethodFilter' to: [/*]
2018/11/30-14:33 [main] INFO  org.springframework.boot.web.servlet.FilterRegistrationBean- Mapping filter: 'httpPutFormContentFilter' to: [/*]
2018/11/30-14:33 [main] INFO  org.springframework.boot.web.servlet.FilterRegistrationBean- Mapping filter: 'requestContextFilter' to: [/*]
2018/11/30-14:33 [main] INFO  org.springframework.boot.web.servlet.DelegatingFilterProxyRegistrationBean- Mapping filter: 'springSecurityFilterChain' to: [/*]
2018/11/30-14:33 [main] INFO  org.springframework.boot.web.servlet.ServletRegistrationBean- Servlet dispatcherServlet mapped to [/]
2018/11/30-14:33 [main] INFO  com.alibaba.druid.pool.DruidDataSource- {dataSource-1} inited
2018/11/30-14:33 [main] INFO  org.springframework.web.servlet.handler.SimpleUrlHandlerMapping- Mapped URL path [/**/favicon.ico] onto handler of type [class org.springframework.web.servlet.resource.ResourceHttpRequestHandler]
2018/11/30-14:33 [main] INFO  org.springframework.web.servlet.mvc.method.annotation.RequestMappingHandlerAdapter- Looking for @ControllerAdvice: org.springframework.boot.web.servlet.context.AnnotationConfigServletWebServerApplicationContext@92efc3: startup date [Fri Nov 30 14:33:31 CST 2018]; root of context hierarchy
2018/11/30-14:33 [main] INFO  org.springframework.web.servlet.mvc.method.annotation.RequestMappingHandlerMapping- Mapped "{[/config/sysmenu]}" onto public java.util.List<com.wecat.small.entity.MenuEntity> com.wecat.small.Controller.ConfigController.sysmenu()
2018/11/30-14:33 [main] INFO  org.springframework.web.servlet.mvc.method.annotation.RequestMappingHandlerMapping- Mapped "{[/employee/basic/add],methods=[POST]}" onto public com.wecat.small.common.BaseRespMsg com.wecat.small.Controller.emp.EmpBasicController.add(com.wecat.small.entity.EmployeeEntity)
2018/11/30-14:33 [main] INFO  org.springframework.web.servlet.mvc.method.annotation.RequestMappingHandlerMapping- Mapped "{[/employee/basic/emp]}" onto public java.util.Map<java.lang.String, java.lang.Object> com.wecat.small.Controller.emp.EmpBasicController.emp(com.wecat.small.entity.PageInfoSmall<com.wecat.small.entity.EmployeeEntity>)
2018/11/30-14:33 [main] INFO  org.springframework.web.servlet.mvc.method.annotation.RequestMappingHandlerMapping- Mapped "{[/employee/basic/basicdata]}" onto public java.util.Map<java.lang.String, java.lang.Object> com.wecat.small.Controller.emp.EmpBasicController.basicdata()
2018/11/30-14:33 [main] INFO  org.springframework.web.servlet.mvc.method.annotation.RequestMappingHandlerMapping- Mapped "{[/employee/basic/maxWorkID]}" onto public java.lang.String com.wecat.small.Controller.emp.EmpBasicController.maxWorkID()
2018/11/30-14:33 [main] INFO  org.springframework.web.servlet.mvc.method.annotation.RequestMappingHandlerMapping- Mapped "{[/hello/one]}" onto public java.lang.String com.wecat.small.Controller.HelloController.hello()
2018/11/30-14:33 [main] INFO  org.springframework.web.servlet.mvc.method.annotation.RequestMappingHandlerMapping- Mapped "{[/Msgcontent/update],methods=[POST]}" onto public com.wecat.small.common.BaseRespMsg com.wecat.small.Controller.MsgcontentController.update(com.wecat.small.entity.Msgcontent)
2018/11/30-14:33 [main] INFO  org.springframework.web.servlet.mvc.method.annotation.RequestMappingHandlerMapping- Mapped "{[/Msgcontent/find]}" onto public com.wecat.small.common.BaseRespData com.wecat.small.Controller.MsgcontentController.find(java.lang.Long)
2018/11/30-14:33 [main] INFO  org.springframework.web.servlet.mvc.method.annotation.RequestMappingHandlerMapping- Mapped "{[/Msgcontent/list]}" onto public com.wecat.small.common.BaseRespData com.wecat.small.Controller.MsgcontentController.list(com.wecat.small.common.PageInfoReqVo<com.wecat.small.entity.Msgcontent>)
2018/11/30-14:33 [main] INFO  org.springframework.web.servlet.mvc.method.annotation.RequestMappingHandlerMapping- Mapped "{[/Msgcontent/all]}" onto public com.wecat.small.common.BaseRespData com.wecat.small.Controller.MsgcontentController.findAll()
2018/11/30-14:33 [main] INFO  org.springframework.web.servlet.mvc.method.annotation.RequestMappingHandlerMapping- Mapped "{[/Msgcontent/add],methods=[POST]}" onto public com.wecat.small.common.BaseRespMsg com.wecat.small.Controller.MsgcontentController.addItem(com.wecat.small.entity.Msgcontent)
2018/11/30-14:33 [main] INFO  org.springframework.web.servlet.mvc.method.annotation.RequestMappingHandlerMapping- Mapped "{[/Msgcontent/dels]}" onto public com.wecat.small.common.BaseRespMsg com.wecat.small.Controller.MsgcontentController.deleteItems(java.util.List<java.lang.Long>)
2018/11/30-14:33 [main] INFO  org.springframework.web.servlet.mvc.method.annotation.RequestMappingHandlerMapping- Mapped "{[/Msgcontent/del]}" onto public com.wecat.small.common.BaseRespMsg com.wecat.small.Controller.MsgcontentController.deleteItems(java.lang.Long)
2018/11/30-14:33 [main] INFO  org.springframework.web.servlet.mvc.method.annotation.RequestMappingHandlerMapping- Mapped "{[/employee/basic/exportEmp]}" onto public org.springframework.http.ResponseEntity<byte[]> com.wecat.small.Controller.PoiController.exportEmp()
2018/11/30-14:33 [main] INFO  org.springframework.web.servlet.mvc.method.annotation.RequestMappingHandlerMapping- Mapped "{[/employee/basic/importEmp],methods=[POST]}" onto public com.wecat.small.common.BaseRespMsg com.wecat.small.Controller.PoiController.importEmp(org.springframework.web.multipart.MultipartFile)
2018/11/30-14:33 [main] INFO  org.springframework.web.servlet.mvc.method.annotation.RequestMappingHandlerMapping- Mapped "{[/Sysmsg/update],methods=[POST]}" onto public com.wecat.small.common.BaseRespMsg com.wecat.small.Controller.SysmsgController.update(com.wecat.small.entity.Sysmsg)
2018/11/30-14:33 [main] INFO  org.springframework.web.servlet.mvc.method.annotation.RequestMappingHandlerMapping- Mapped "{[/Sysmsg/find]}" onto public com.wecat.small.common.BaseRespData com.wecat.small.Controller.SysmsgController.find(java.lang.Long)
2018/11/30-14:33 [main] INFO  org.springframework.web.servlet.mvc.method.annotation.RequestMappingHandlerMapping- Mapped "{[/Sysmsg/list]}" onto public com.wecat.small.common.BaseRespData com.wecat.small.Controller.SysmsgController.list(com.wecat.small.common.PageInfoReqVo<com.wecat.small.entity.Sysmsg>)
2018/11/30-14:33 [main] INFO  org.springframework.web.servlet.mvc.method.annotation.RequestMappingHandlerMapping- Mapped "{[/Sysmsg/all]}" onto public com.wecat.small.common.BaseRespData com.wecat.small.Controller.SysmsgController.findAll()
2018/11/30-14:33 [main] INFO  org.springframework.web.servlet.mvc.method.annotation.RequestMappingHandlerMapping- Mapped "{[/Sysmsg/add],methods=[POST]}" onto public com.wecat.small.common.BaseRespMsg com.wecat.small.Controller.SysmsgController.addItem(com.wecat.small.entity.Sysmsg)
2018/11/30-14:33 [main] INFO  org.springframework.web.servlet.mvc.method.annotation.RequestMappingHandlerMapping- Mapped "{[/Sysmsg/dels]}" onto public com.wecat.small.common.BaseRespMsg com.wecat.small.Controller.SysmsgController.deleteItems(java.util.List<java.lang.Long>)
2018/11/30-14:33 [main] INFO  org.springframework.web.servlet.mvc.method.annotation.RequestMappingHandlerMapping- Mapped "{[/Sysmsg/del]}" onto public com.wecat.small.common.BaseRespMsg com.wecat.small.Controller.SysmsgController.deleteItems(java.lang.Long)
2018/11/30-14:33 [main] INFO  org.springframework.web.servlet.mvc.method.annotation.RequestMappingHandlerMapping- Mapped "{[/system/basic/dep]}" onto public com.wecat.small.common.BaseRespMsg com.wecat.small.Controller.system.SystemBasicController.addDep(com.wecat.small.entity.Department)
2018/11/30-14:33 [main] INFO  org.springframework.web.servlet.mvc.method.annotation.RequestMappingHandlerMapping- Mapped "{[/system/basic/dep/{pid}],methods=[GET]}" onto public java.util.List<com.wecat.small.entity.Department> com.wecat.small.Controller.system.SystemBasicController.getDepByPid(java.lang.Long)
2018/11/30-14:33 [main] INFO  org.springframework.web.servlet.mvc.method.annotation.RequestMappingHandlerMapping- Mapped "{[/system/basic/dep/{did}]}" onto public com.wecat.small.common.BaseRespMsg com.wecat.small.Controller.system.SystemBasicController.deleteDep(java.lang.Integer)
2018/11/30-14:33 [main] INFO  org.springframework.web.servlet.mvc.method.annotation.RequestMappingHandlerMapping- Mapped "{[/system/basic/positions]}" onto public java.util.List<com.wecat.small.entity.PositionEntity> com.wecat.small.Controller.system.SystemBasicController.positions()
2018/11/30-14:33 [main] INFO  org.springframework.web.servlet.mvc.method.annotation.RequestMappingHandlerMapping- Mapped "{[/system/basic/joblevels]}" onto public java.util.List<com.wecat.small.entity.JoblevelEntity> com.wecat.small.Controller.system.SystemBasicController.joblevels()
2018/11/30-14:33 [main] INFO  org.springframework.web.servlet.mvc.method.annotation.RequestMappingHandlerMapping- Mapped "{[/error]}" onto public org.springframework.http.ResponseEntity<java.util.Map<java.lang.String, java.lang.Object>> org.springframework.boot.autoconfigure.web.servlet.error.BasicErrorController.error(javax.servlet.http.HttpServletRequest)
2018/11/30-14:33 [main] INFO  org.springframework.web.servlet.mvc.method.annotation.RequestMappingHandlerMapping- Mapped "{[/error],produces=[text/html]}" onto public org.springframework.web.servlet.ModelAndView org.springframework.boot.autoconfigure.web.servlet.error.BasicErrorController.errorHtml(javax.servlet.http.HttpServletRequest,javax.servlet.http.HttpServletResponse)
2018/11/30-14:33 [main] INFO  org.springframework.web.servlet.handler.SimpleUrlHandlerMapping- Mapped URL path [/webjars/**] onto handler of type [class org.springframework.web.servlet.resource.ResourceHttpRequestHandler]
2018/11/30-14:33 [main] INFO  org.springframework.web.servlet.handler.SimpleUrlHandlerMapping- Mapped URL path [/**] onto handler of type [class org.springframework.web.servlet.resource.ResourceHttpRequestHandler]
2018/11/30-14:33 [main] INFO  org.springframework.web.servlet.view.freemarker.FreeMarkerConfigurer- ClassTemplateLoader for Spring macros added to FreeMarker configuration
2018/11/30-14:33 [main] INFO  org.springframework.security.web.DefaultSecurityFilterChain- Creating filter chain: Ant [pattern='/index.html'], []
2018/11/30-14:33 [main] INFO  org.springframework.security.web.DefaultSecurityFilterChain- Creating filter chain: Ant [pattern='/static/**'], []
2018/11/30-14:33 [main] INFO  org.springframework.security.web.DefaultSecurityFilterChain- Creating filter chain: org.springframework.security.web.util.matcher.AnyRequestMatcher@1, [org.springframework.security.web.context.request.async.WebAsyncManagerIntegrationFilter@1e09383, org.springframework.security.web.context.SecurityContextPersistenceFilter@be065a, org.springframework.security.web.header.HeaderWriterFilter@d33ea, org.springframework.security.web.authentication.logout.LogoutFilter@f336fd, org.springframework.security.web.authentication.UsernamePasswordAuthenticationFilter@1874b9d, org.springframework.security.web.savedrequest.RequestCacheAwareFilter@9f1b6, org.springframework.security.web.servletapi.SecurityContextHolderAwareRequestFilter@20070c, org.springframework.security.web.authentication.AnonymousAuthenticationFilter@e0e464, org.springframework.security.web.session.SessionManagementFilter@13fcf3, org.springframework.security.web.access.ExceptionTranslationFilter@1bb44da, org.springframework.security.web.access.intercept.FilterSecurityInterceptor@846330]
2018/11/30-14:33 [main] INFO  org.springframework.jmx.export.annotation.AnnotationMBeanExporter- Registering beans for JMX exposure on startup
2018/11/30-14:33 [main] INFO  org.springframework.jmx.export.annotation.AnnotationMBeanExporter- Bean with name 'dataSource' has been autodetected for JMX exposure
2018/11/30-14:33 [main] INFO  org.springframework.jmx.export.annotation.AnnotationMBeanExporter- Located MBean 'dataSource': registering with JMX server as MBean [com.alibaba.druid.pool:name=dataSource,type=DruidDataSource]
2018/11/30-14:33 [main] INFO  org.springframework.boot.web.embedded.undertow.UndertowServletWebServer- Undertow started on port(s) 8082 (http) with context path ''
2018/11/30-14:33 [main] INFO  com.wecat.small.SmallApplication- Started SmallApplication in 4.897 seconds (JVM running for 5.318)
2018/11/30-14:33 [XNIO-2 task-1] INFO  io.undertow.servlet- Initializing Spring FrameworkServlet 'dispatcherServlet'
2018/11/30-14:33 [XNIO-2 task-1] INFO  org.springframework.web.servlet.DispatcherServlet- FrameworkServlet 'dispatcherServlet': initialization started
2018/11/30-14:33 [XNIO-2 task-1] INFO  org.springframework.web.servlet.DispatcherServlet- FrameworkServlet 'dispatcherServlet': initialization completed in 12 ms
