2018/11/26-14:31 [main] ERROR org.springframework.boot.context.logging.LoggingApplicationListener- Cannot set level: WARN  for 'com.wecat.small.mapper'
2018/11/26-14:31 [main] INFO  com.wecat.small.SmallApplication- Starting SmallApplication on chenjunyan with PID 11904 (D:\work\github\cjyvuespringboot\small\target\classes started by Administrator in D:\work\github\cjyvuespringboot\small)
2018/11/26-14:31 [main] INFO  com.wecat.small.SmallApplication- No active profile set, falling back to default profiles: default
2018/11/26-14:31 [main] INFO  org.springframework.boot.web.servlet.context.AnnotationConfigServletWebServerApplicationContext- Refreshing org.springframework.boot.web.servlet.context.AnnotationConfigServletWebServerApplicationContext@1edaa7d: startup date [Mon Nov 26 14:31:36 CST 2018]; root of context hierarchy
2018/11/26-14:31 [main] INFO  org.springframework.data.repository.config.RepositoryConfigurationDelegate- Multiple Spring Data modules found, entering strict repository configuration mode!
2018/11/26-14:31 [main] INFO  org.springframework.context.support.PostProcessorRegistrationDelegate$BeanPostProcessorChecker- Bean 'org.springframework.transaction.annotation.ProxyTransactionManagementConfiguration' of type [org.springframework.transaction.annotation.ProxyTransactionManagementConfiguration$$EnhancerBySpringCGLIB$$76741e61] is not eligible for getting processed by all BeanPostProcessors (for example: not eligible for auto-proxying)
2018/11/26-14:31 [main] INFO  org.xnio- XNIO version 3.3.8.Final
2018/11/26-14:31 [main] INFO  org.xnio.nio- XNIO NIO Implementation Version 3.3.8.Final
2018/11/26-14:31 [main] WARN  io.undertow.websockets.jsr- UT026009: XNIO worker was not set on WebSocketDeploymentInfo, the default worker will be used
2018/11/26-14:31 [main] WARN  io.undertow.websockets.jsr- UT026010: Buffer pool was not set on WebSocketDeploymentInfo, the default pool will be used
2018/11/26-14:31 [main] INFO  io.undertow.servlet- Initializing Spring embedded WebApplicationContext
2018/11/26-14:31 [main] INFO  org.springframework.web.context.ContextLoader- Root WebApplicationContext: initialization completed in 1976 ms
2018/11/26-14:31 [main] INFO  org.springframework.boot.web.servlet.FilterRegistrationBean- Mapping filter: 'characterEncodingFilter' to: [/*]
2018/11/26-14:31 [main] INFO  org.springframework.boot.web.servlet.FilterRegistrationBean- Mapping filter: 'hiddenHttpMethodFilter' to: [/*]
2018/11/26-14:31 [main] INFO  org.springframework.boot.web.servlet.FilterRegistrationBean- Mapping filter: 'httpPutFormContentFilter' to: [/*]
2018/11/26-14:31 [main] INFO  org.springframework.boot.web.servlet.FilterRegistrationBean- Mapping filter: 'requestContextFilter' to: [/*]
2018/11/26-14:31 [main] INFO  org.springframework.boot.web.servlet.DelegatingFilterProxyRegistrationBean- Mapping filter: 'springSecurityFilterChain' to: [/*]
2018/11/26-14:31 [main] INFO  org.springframework.boot.web.servlet.ServletRegistrationBean- Servlet dispatcherServlet mapped to [/]
2018/11/26-14:31 [main] INFO  org.springframework.web.servlet.handler.SimpleUrlHandlerMapping- Mapped URL path [/**/favicon.ico] onto handler of type [class org.springframework.web.servlet.resource.ResourceHttpRequestHandler]
2018/11/26-14:31 [main] INFO  org.springframework.web.servlet.mvc.method.annotation.RequestMappingHandlerAdapter- Looking for @ControllerAdvice: org.springframework.boot.web.servlet.context.AnnotationConfigServletWebServerApplicationContext@1edaa7d: startup date [Mon Nov 26 14:31:36 CST 2018]; root of context hierarchy
2018/11/26-14:31 [main] INFO  org.springframework.web.servlet.mvc.method.annotation.RequestMappingHandlerMapping- Mapped "{[/config/sysmenu]}" onto public java.util.List<com.wecat.small.entity.MenuEntity> com.wecat.small.Controller.ConfigController.sysmenu()
2018/11/26-14:31 [main] INFO  org.springframework.web.servlet.mvc.method.annotation.RequestMappingHandlerMapping- Mapped "{[/employee/basic/add]}" onto public com.wecat.small.utils.BaseRespMsg com.wecat.small.Controller.emp.EmpBasicController.add(com.wecat.small.entity.EmployeeEntity)
2018/11/26-14:31 [main] INFO  org.springframework.web.servlet.mvc.method.annotation.RequestMappingHandlerMapping- Mapped "{[/employee/basic/emp]}" onto public java.util.Map<java.lang.String, java.lang.Object> com.wecat.small.Controller.emp.EmpBasicController.emp(com.wecat.small.entity.PageInfoSmall<com.wecat.small.entity.EmployeeEntity>)
2018/11/26-14:31 [main] INFO  org.springframework.web.servlet.mvc.method.annotation.RequestMappingHandlerMapping- Mapped "{[/employee/basic/basicdata]}" onto public java.util.Map<java.lang.String, java.lang.Object> com.wecat.small.Controller.emp.EmpBasicController.basicdata()
2018/11/26-14:31 [main] INFO  org.springframework.web.servlet.mvc.method.annotation.RequestMappingHandlerMapping- Mapped "{[/employee/basic/maxWorkID]}" onto public java.lang.String com.wecat.small.Controller.emp.EmpBasicController.maxWorkID()
2018/11/26-14:31 [main] INFO  org.springframework.web.servlet.mvc.method.annotation.RequestMappingHandlerMapping- Mapped "{[/hello/one]}" onto public java.lang.String com.wecat.small.Controller.HelloController.hello()
2018/11/26-14:31 [main] INFO  org.springframework.web.servlet.mvc.method.annotation.RequestMappingHandlerMapping- Mapped "{[/employee/basic/exportEmp]}" onto public org.springframework.http.ResponseEntity<byte[]> com.wecat.small.Controller.PoiController.exportEmp()
2018/11/26-14:31 [main] INFO  org.springframework.web.servlet.mvc.method.annotation.RequestMappingHandlerMapping- Mapped "{[/employee/basic/importEmp],methods=[POST]}" onto public com.wecat.small.utils.BaseRespMsg com.wecat.small.Controller.PoiController.importEmp(org.springframework.web.multipart.MultipartFile)
2018/11/26-14:31 [main] INFO  org.springframework.web.servlet.mvc.method.annotation.RequestMappingHandlerMapping- Mapped "{[/system/basic/dep]}" onto public com.wecat.small.utils.BaseRespMsg com.wecat.small.Controller.system.SystemBasicController.addDep(com.wecat.small.entity.Department)
2018/11/26-14:31 [main] INFO  org.springframework.web.servlet.mvc.method.annotation.RequestMappingHandlerMapping- Mapped "{[/system/basic/dep/{pid}],methods=[GET]}" onto public java.util.List<com.wecat.small.entity.Department> com.wecat.small.Controller.system.SystemBasicController.getDepByPid(java.lang.Long)
2018/11/26-14:31 [main] INFO  org.springframework.web.servlet.mvc.method.annotation.RequestMappingHandlerMapping- Mapped "{[/system/basic/dep/{did}]}" onto public com.wecat.small.utils.BaseRespMsg com.wecat.small.Controller.system.SystemBasicController.deleteDep(java.lang.Integer)
2018/11/26-14:31 [main] INFO  org.springframework.web.servlet.mvc.method.annotation.RequestMappingHandlerMapping- Mapped "{[/system/basic/positions]}" onto public java.util.List<com.wecat.small.entity.PositionEntity> com.wecat.small.Controller.system.SystemBasicController.positions()
2018/11/26-14:31 [main] INFO  org.springframework.web.servlet.mvc.method.annotation.RequestMappingHandlerMapping- Mapped "{[/system/basic/joblevels]}" onto public java.util.List<com.wecat.small.entity.JoblevelEntity> com.wecat.small.Controller.system.SystemBasicController.joblevels()
2018/11/26-14:31 [main] INFO  org.springframework.web.servlet.mvc.method.annotation.RequestMappingHandlerMapping- Mapped "{[/error]}" onto public org.springframework.http.ResponseEntity<java.util.Map<java.lang.String, java.lang.Object>> org.springframework.boot.autoconfigure.web.servlet.error.BasicErrorController.error(javax.servlet.http.HttpServletRequest)
2018/11/26-14:31 [main] INFO  org.springframework.web.servlet.mvc.method.annotation.RequestMappingHandlerMapping- Mapped "{[/error],produces=[text/html]}" onto public org.springframework.web.servlet.ModelAndView org.springframework.boot.autoconfigure.web.servlet.error.BasicErrorController.errorHtml(javax.servlet.http.HttpServletRequest,javax.servlet.http.HttpServletResponse)
2018/11/26-14:31 [main] INFO  org.springframework.web.servlet.handler.SimpleUrlHandlerMapping- Mapped URL path [/webjars/**] onto handler of type [class org.springframework.web.servlet.resource.ResourceHttpRequestHandler]
2018/11/26-14:31 [main] INFO  org.springframework.web.servlet.handler.SimpleUrlHandlerMapping- Mapped URL path [/**] onto handler of type [class org.springframework.web.servlet.resource.ResourceHttpRequestHandler]
2018/11/26-14:31 [main] WARN  org.springframework.boot.autoconfigure.thymeleaf.ThymeleafAutoConfiguration$DefaultTemplateResolverConfiguration- Cannot find template location: classpath:/templates/ (please add some templates or check your Thymeleaf configuration)
2018/11/26-14:31 [main] INFO  org.springframework.security.web.DefaultSecurityFilterChain- Creating filter chain: Ant [pattern='/index.html'], []
2018/11/26-14:31 [main] INFO  org.springframework.security.web.DefaultSecurityFilterChain- Creating filter chain: Ant [pattern='/static/**'], []
2018/11/26-14:31 [main] INFO  org.springframework.security.web.DefaultSecurityFilterChain- Creating filter chain: org.springframework.security.web.util.matcher.AnyRequestMatcher@1, [org.springframework.security.web.context.request.async.WebAsyncManagerIntegrationFilter@1c7841c, org.springframework.security.web.context.SecurityContextPersistenceFilter@1a024cb, org.springframework.security.web.header.HeaderWriterFilter@e15112, org.springframework.security.web.authentication.logout.LogoutFilter@ed7ddf, org.springframework.security.web.authentication.UsernamePasswordAuthenticationFilter@93d937, org.springframework.security.web.savedrequest.RequestCacheAwareFilter@f0d91b, org.springframework.security.web.servletapi.SecurityContextHolderAwareRequestFilter@ecc15a, org.springframework.security.web.authentication.AnonymousAuthenticationFilter@167d5a4, org.springframework.security.web.session.SessionManagementFilter@1a4f370, org.springframework.security.web.access.ExceptionTranslationFilter@10da778, org.springframework.security.web.access.intercept.FilterSecurityInterceptor@d25612]
2018/11/26-14:31 [main] INFO  org.springframework.jmx.export.annotation.AnnotationMBeanExporter- Registering beans for JMX exposure on startup
2018/11/26-14:31 [main] INFO  org.springframework.jmx.export.annotation.AnnotationMBeanExporter- Bean with name 'dataSource' has been autodetected for JMX exposure
2018/11/26-14:31 [main] INFO  org.springframework.jmx.export.annotation.AnnotationMBeanExporter- Located MBean 'dataSource': registering with JMX server as MBean [com.alibaba.druid.pool:name=dataSource,type=DruidDataSource]
2018/11/26-14:31 [main] INFO  org.springframework.boot.web.embedded.undertow.UndertowServletWebServer- Undertow started on port(s) 8082 (http) with context path ''
2018/11/26-14:31 [main] INFO  com.wecat.small.SmallApplication- Started SmallApplication in 5.641 seconds (JVM running for 6.233)
2018/11/26-14:33 [main] ERROR org.springframework.boot.context.logging.LoggingApplicationListener- Cannot set level: WARN  for 'com.wecat.small.mapper'
2018/11/26-14:33 [main] INFO  com.wecat.small.SmallApplication- Starting SmallApplication on chenjunyan with PID 11388 (D:\work\github\cjyvuespringboot\small\target\classes started by Administrator in D:\work\github\cjyvuespringboot\small)
2018/11/26-14:33 [main] INFO  com.wecat.small.SmallApplication- No active profile set, falling back to default profiles: default
2018/11/26-14:33 [main] INFO  org.springframework.boot.web.servlet.context.AnnotationConfigServletWebServerApplicationContext- Refreshing org.springframework.boot.web.servlet.context.AnnotationConfigServletWebServerApplicationContext@313382: startup date [Mon Nov 26 14:33:11 CST 2018]; root of context hierarchy
2018/11/26-14:33 [main] INFO  org.springframework.data.repository.config.RepositoryConfigurationDelegate- Multiple Spring Data modules found, entering strict repository configuration mode!
2018/11/26-14:33 [main] INFO  org.springframework.context.support.PostProcessorRegistrationDelegate$BeanPostProcessorChecker- Bean 'org.springframework.transaction.annotation.ProxyTransactionManagementConfiguration' of type [org.springframework.transaction.annotation.ProxyTransactionManagementConfiguration$$EnhancerBySpringCGLIB$$663a864d] is not eligible for getting processed by all BeanPostProcessors (for example: not eligible for auto-proxying)
2018/11/26-14:33 [main] INFO  org.xnio- XNIO version 3.3.8.Final
2018/11/26-14:33 [main] INFO  org.xnio.nio- XNIO NIO Implementation Version 3.3.8.Final
2018/11/26-14:33 [main] WARN  io.undertow.websockets.jsr- UT026009: XNIO worker was not set on WebSocketDeploymentInfo, the default worker will be used
2018/11/26-14:33 [main] WARN  io.undertow.websockets.jsr- UT026010: Buffer pool was not set on WebSocketDeploymentInfo, the default pool will be used
2018/11/26-14:33 [main] INFO  io.undertow.servlet- Initializing Spring embedded WebApplicationContext
2018/11/26-14:33 [main] INFO  org.springframework.web.context.ContextLoader- Root WebApplicationContext: initialization completed in 1952 ms
2018/11/26-14:33 [main] INFO  org.springframework.boot.web.servlet.FilterRegistrationBean- Mapping filter: 'characterEncodingFilter' to: [/*]
2018/11/26-14:33 [main] INFO  org.springframework.boot.web.servlet.FilterRegistrationBean- Mapping filter: 'hiddenHttpMethodFilter' to: [/*]
2018/11/26-14:33 [main] INFO  org.springframework.boot.web.servlet.FilterRegistrationBean- Mapping filter: 'httpPutFormContentFilter' to: [/*]
2018/11/26-14:33 [main] INFO  org.springframework.boot.web.servlet.FilterRegistrationBean- Mapping filter: 'requestContextFilter' to: [/*]
2018/11/26-14:33 [main] INFO  org.springframework.boot.web.servlet.DelegatingFilterProxyRegistrationBean- Mapping filter: 'springSecurityFilterChain' to: [/*]
2018/11/26-14:33 [main] INFO  org.springframework.boot.web.servlet.ServletRegistrationBean- Servlet dispatcherServlet mapped to [/]
2018/11/26-14:33 [main] INFO  org.springframework.web.servlet.handler.SimpleUrlHandlerMapping- Mapped URL path [/**/favicon.ico] onto handler of type [class org.springframework.web.servlet.resource.ResourceHttpRequestHandler]
2018/11/26-14:33 [main] INFO  org.springframework.web.servlet.mvc.method.annotation.RequestMappingHandlerAdapter- Looking for @ControllerAdvice: org.springframework.boot.web.servlet.context.AnnotationConfigServletWebServerApplicationContext@313382: startup date [Mon Nov 26 14:33:11 CST 2018]; root of context hierarchy
2018/11/26-14:33 [main] INFO  org.springframework.web.servlet.mvc.method.annotation.RequestMappingHandlerMapping- Mapped "{[/config/sysmenu]}" onto public java.util.List<com.wecat.small.entity.MenuEntity> com.wecat.small.Controller.ConfigController.sysmenu()
2018/11/26-14:33 [main] INFO  org.springframework.web.servlet.mvc.method.annotation.RequestMappingHandlerMapping- Mapped "{[/employee/basic/add]}" onto public com.wecat.small.utils.BaseRespMsg com.wecat.small.Controller.emp.EmpBasicController.add(com.wecat.small.entity.EmployeeEntity)
2018/11/26-14:33 [main] INFO  org.springframework.web.servlet.mvc.method.annotation.RequestMappingHandlerMapping- Mapped "{[/employee/basic/emp]}" onto public java.util.Map<java.lang.String, java.lang.Object> com.wecat.small.Controller.emp.EmpBasicController.emp(com.wecat.small.entity.PageInfoSmall<com.wecat.small.entity.EmployeeEntity>)
2018/11/26-14:33 [main] INFO  org.springframework.web.servlet.mvc.method.annotation.RequestMappingHandlerMapping- Mapped "{[/employee/basic/basicdata]}" onto public java.util.Map<java.lang.String, java.lang.Object> com.wecat.small.Controller.emp.EmpBasicController.basicdata()
2018/11/26-14:33 [main] INFO  org.springframework.web.servlet.mvc.method.annotation.RequestMappingHandlerMapping- Mapped "{[/employee/basic/maxWorkID]}" onto public java.lang.String com.wecat.small.Controller.emp.EmpBasicController.maxWorkID()
2018/11/26-14:33 [main] INFO  org.springframework.web.servlet.mvc.method.annotation.RequestMappingHandlerMapping- Mapped "{[/hello/one]}" onto public java.lang.String com.wecat.small.Controller.HelloController.hello()
2018/11/26-14:33 [main] INFO  org.springframework.web.servlet.mvc.method.annotation.RequestMappingHandlerMapping- Mapped "{[/employee/basic/exportEmp]}" onto public org.springframework.http.ResponseEntity<byte[]> com.wecat.small.Controller.PoiController.exportEmp()
2018/11/26-14:33 [main] INFO  org.springframework.web.servlet.mvc.method.annotation.RequestMappingHandlerMapping- Mapped "{[/employee/basic/importEmp],methods=[POST]}" onto public com.wecat.small.utils.BaseRespMsg com.wecat.small.Controller.PoiController.importEmp(org.springframework.web.multipart.MultipartFile)
2018/11/26-14:33 [main] INFO  org.springframework.web.servlet.mvc.method.annotation.RequestMappingHandlerMapping- Mapped "{[/system/basic/dep]}" onto public com.wecat.small.utils.BaseRespMsg com.wecat.small.Controller.system.SystemBasicController.addDep(com.wecat.small.entity.Department)
2018/11/26-14:33 [main] INFO  org.springframework.web.servlet.mvc.method.annotation.RequestMappingHandlerMapping- Mapped "{[/system/basic/dep/{pid}],methods=[GET]}" onto public java.util.List<com.wecat.small.entity.Department> com.wecat.small.Controller.system.SystemBasicController.getDepByPid(java.lang.Long)
2018/11/26-14:33 [main] INFO  org.springframework.web.servlet.mvc.method.annotation.RequestMappingHandlerMapping- Mapped "{[/system/basic/dep/{did}]}" onto public com.wecat.small.utils.BaseRespMsg com.wecat.small.Controller.system.SystemBasicController.deleteDep(java.lang.Integer)
2018/11/26-14:33 [main] INFO  org.springframework.web.servlet.mvc.method.annotation.RequestMappingHandlerMapping- Mapped "{[/system/basic/positions]}" onto public java.util.List<com.wecat.small.entity.PositionEntity> com.wecat.small.Controller.system.SystemBasicController.positions()
2018/11/26-14:33 [main] INFO  org.springframework.web.servlet.mvc.method.annotation.RequestMappingHandlerMapping- Mapped "{[/system/basic/joblevels]}" onto public java.util.List<com.wecat.small.entity.JoblevelEntity> com.wecat.small.Controller.system.SystemBasicController.joblevels()
2018/11/26-14:33 [main] INFO  org.springframework.web.servlet.mvc.method.annotation.RequestMappingHandlerMapping- Mapped "{[/error]}" onto public org.springframework.http.ResponseEntity<java.util.Map<java.lang.String, java.lang.Object>> org.springframework.boot.autoconfigure.web.servlet.error.BasicErrorController.error(javax.servlet.http.HttpServletRequest)
2018/11/26-14:33 [main] INFO  org.springframework.web.servlet.mvc.method.annotation.RequestMappingHandlerMapping- Mapped "{[/error],produces=[text/html]}" onto public org.springframework.web.servlet.ModelAndView org.springframework.boot.autoconfigure.web.servlet.error.BasicErrorController.errorHtml(javax.servlet.http.HttpServletRequest,javax.servlet.http.HttpServletResponse)
2018/11/26-14:33 [main] INFO  org.springframework.web.servlet.handler.SimpleUrlHandlerMapping- Mapped URL path [/webjars/**] onto handler of type [class org.springframework.web.servlet.resource.ResourceHttpRequestHandler]
2018/11/26-14:33 [main] INFO  org.springframework.web.servlet.handler.SimpleUrlHandlerMapping- Mapped URL path [/**] onto handler of type [class org.springframework.web.servlet.resource.ResourceHttpRequestHandler]
2018/11/26-14:33 [main] WARN  org.springframework.boot.autoconfigure.thymeleaf.ThymeleafAutoConfiguration$DefaultTemplateResolverConfiguration- Cannot find template location: classpath:/templates/ (please add some templates or check your Thymeleaf configuration)
2018/11/26-14:33 [main] INFO  org.springframework.security.web.DefaultSecurityFilterChain- Creating filter chain: Ant [pattern='/index.html'], []
2018/11/26-14:33 [main] INFO  org.springframework.security.web.DefaultSecurityFilterChain- Creating filter chain: Ant [pattern='/static/**'], []
2018/11/26-14:33 [main] INFO  org.springframework.security.web.DefaultSecurityFilterChain- Creating filter chain: org.springframework.security.web.util.matcher.AnyRequestMatcher@1, [org.springframework.security.web.context.request.async.WebAsyncManagerIntegrationFilter@6fb62f, org.springframework.security.web.context.SecurityContextPersistenceFilter@58f697, org.springframework.security.web.header.HeaderWriterFilter@18e9d3e, org.springframework.security.web.authentication.logout.LogoutFilter@1a06904, org.springframework.security.web.authentication.UsernamePasswordAuthenticationFilter@8b121f, org.springframework.security.web.savedrequest.RequestCacheAwareFilter@384b4a, org.springframework.security.web.servletapi.SecurityContextHolderAwareRequestFilter@b9e43e, org.springframework.security.web.authentication.AnonymousAuthenticationFilter@1e4cb84, org.springframework.security.web.session.SessionManagementFilter@d41d0, org.springframework.security.web.access.ExceptionTranslationFilter@17068d8, org.springframework.security.web.access.intercept.FilterSecurityInterceptor@d3fc29]
2018/11/26-14:33 [main] INFO  org.springframework.jmx.export.annotation.AnnotationMBeanExporter- Registering beans for JMX exposure on startup
2018/11/26-14:33 [main] INFO  org.springframework.jmx.export.annotation.AnnotationMBeanExporter- Bean with name 'dataSource' has been autodetected for JMX exposure
2018/11/26-14:33 [main] INFO  org.springframework.jmx.export.annotation.AnnotationMBeanExporter- Located MBean 'dataSource': registering with JMX server as MBean [com.alibaba.druid.pool:name=dataSource,type=DruidDataSource]
2018/11/26-14:33 [main] INFO  org.springframework.boot.web.embedded.undertow.UndertowServletWebServer- Undertow started on port(s) 8082 (http) with context path ''
2018/11/26-14:33 [main] INFO  com.wecat.small.SmallApplication- Started SmallApplication in 5.38 seconds (JVM running for 5.929)
